Using pre-set license

 COMMAND LINE ARGUMENTS:
/Users/tiyani/Documents/Unity bestanden/2021.1.11f1/Unity.app/Contents/MacOS/Unity
-adb2
-batchMode
-noUpm
-name
AssetImportWorker9
-projectPath
/Users/tiyani/Downloads/Applied/Sintscape/Sintscape 2.0
-logFile
Logs/AssetImportWorker9.log
-srvPort
50027
Successfully changed project path to: /Users/tiyani/Downloads/Applied/Sintscape/Sintscape 2.0
/Users/tiyani/Downloads/Applied/Sintscape/Sintscape 2.0
Using Asset Import Pipeline V2.
Refreshing native plugins compatible for Editor in 203.05 ms, found 2 plugins.
Preloading 0 native plugins for Editor in 0.00 ms.
Initialize engine version: 2021.1.11f1 (4d8c25f7477e)
[Subsystems] Discovering subsystems at path /Users/tiyani/Documents/Unity bestanden/2021.1.11f1/Unity.app/Contents/Resources/UnitySubsystems
[Subsystems] Discovering subsystems at path /Users/tiyani/Downloads/Applied/Sintscape/Sintscape 2.0/Assets
GfxDevice: creating device client; threaded=0; jobified=0
2021-06-20 19:55:08.734 Unity[22731:382315] 43UHD_LCD_TV preferred device: Intel HD Graphics 4000 (low power)
2021-06-20 19:55:08.734 Unity[22731:382315] Metal devices available: 1
2021-06-20 19:55:08.734 Unity[22731:382315] 0: Intel HD Graphics 4000 (low power)
2021-06-20 19:55:08.735 Unity[22731:382315] Using device Intel HD Graphics 4000 (low power)
Initializing Metal device caps: Intel HD Graphics 4000
Initialize mono
Mono path[0] = '/Users/tiyani/Documents/Unity bestanden/2021.1.11f1/Unity.app/Contents/Managed'
Mono path[1] = '/Users/tiyani/Documents/Unity bestanden/2021.1.11f1/Unity.app/Contents/MonoBleedingEdge/lib/mono/unityjit'
Mono config path = '/Users/tiyani/Documents/Unity bestanden/2021.1.11f1/Unity.app/Contents/MonoBleedingEdge/etc'
Using monoOptions --debugger-agent=transport=dt_socket,embedding=1,server=y,suspend=n,address=127.0.0.1:56731
Begin MonoManager ReloadAssembly
Registering precompiled unity dll's ...
Register platform support module: /Users/tiyani/Documents/Unity bestanden/2021.1.11f1/Unity.app/Contents/PlaybackEngines/MacStandaloneSupport/UnityEditor.OSXStandalone.Extensions.dll
Register platform support module: /Users/tiyani/Documents/Unity bestanden/2021.1.11f1/PlaybackEngines/WindowsStandaloneSupport/UnityEditor.WindowsStandalone.Extensions.dll
Registered in 0.001464 seconds.
Native extension for WindowsStandalone target not found
Native extension for OSXStandalone target not found
Refreshing native plugins compatible for Editor in 273.68 ms, found 2 plugins.
Preloading 0 native plugins for Editor in 0.00 ms.
Mono: successfully reloaded assembly
- Completed reload, in  8.217 seconds
Domain Reload Profiling:
	ReloadAssembly (8218ms)
		BeginReloadAssembly (121ms)
			ExecutionOrderSort (0ms)
			DisableScriptedObjects (0ms)
			BackupInstance (0ms)
			ReleaseScriptingObjects (0ms)
			CreateAndSetChildDomain (2ms)
		EndReloadAssembly (2426ms)
			LoadAssemblies (119ms)
			RebuildTransferFunctionScriptingTraits (0ms)
			SetupTypeCache (990ms)
			ReleaseScriptCaches (0ms)
			RebuildScriptCaches (185ms)
			SetupLoadedEditorAssemblies (1057ms)
				LogAssemblyErrors (0ms)
				InitializePlatformSupportModulesInManaged (33ms)
				SetLoadedEditorAssemblies (1ms)
				RefreshPlugins (274ms)
				BeforeProcessingInitializeOnLoad (14ms)
				ProcessInitializeOnLoadAttributes (573ms)
				ProcessInitializeOnLoadMethodAttributes (161ms)
				AfterProcessingInitializeOnLoad (0ms)
				EditorAssembliesLoaded (1ms)
			ExecutionOrderSort2 (0ms)
			AwakeInstancesAfterBackupRestoration (0ms)
Platform modules already initialized, skipping
Registering precompiled user dll's ...
Registered in 0.009898 seconds.
