Using pre-set license

 COMMAND LINE ARGUMENTS:
/Users/tiyani/Documents/Unity bestanden/2021.1.11f1/Unity.app/Contents/MacOS/Unity
-adb2
-batchMode
-noUpm
-name
AssetImportWorker5
-projectPath
/Users/tiyani/Downloads/Applied/Sintscape/Sintscape 2.0
-logFile
Logs/AssetImportWorker5.log
-srvPort
50027
Successfully changed project path to: /Users/tiyani/Downloads/Applied/Sintscape/Sintscape 2.0
/Users/tiyani/Downloads/Applied/Sintscape/Sintscape 2.0
Using Asset Import Pipeline V2.
Refreshing native plugins compatible for Editor in 252.42 ms, found 2 plugins.
Preloading 0 native plugins for Editor in 0.00 ms.
Initialize engine version: 2021.1.11f1 (4d8c25f7477e)
[Subsystems] Discovering subsystems at path /Users/tiyani/Documents/Unity bestanden/2021.1.11f1/Unity.app/Contents/Resources/UnitySubsystems
[Subsystems] Discovering subsystems at path /Users/tiyani/Downloads/Applied/Sintscape/Sintscape 2.0/Assets
GfxDevice: creating device client; threaded=0; jobified=0
2021-06-20 19:53:11.729 Unity[22652:380618] 43UHD_LCD_TV preferred device: Intel HD Graphics 4000 (low power)
2021-06-20 19:53:11.729 Unity[22652:380618] Metal devices available: 1
2021-06-20 19:53:11.729 Unity[22652:380618] 0: Intel HD Graphics 4000 (low power)
2021-06-20 19:53:11.746 Unity[22652:380618] Using device Intel HD Graphics 4000 (low power)
Initializing Metal device caps: Intel HD Graphics 4000
Initialize mono
Mono path[0] = '/Users/tiyani/Documents/Unity bestanden/2021.1.11f1/Unity.app/Contents/Managed'
Mono path[1] = '/Users/tiyani/Documents/Unity bestanden/2021.1.11f1/Unity.app/Contents/MonoBleedingEdge/lib/mono/unityjit'
Mono config path = '/Users/tiyani/Documents/Unity bestanden/2021.1.11f1/Unity.app/Contents/MonoBleedingEdge/etc'
Using monoOptions --debugger-agent=transport=dt_socket,embedding=1,server=y,suspend=n,address=127.0.0.1:56652
Begin MonoManager ReloadAssembly
Registering precompiled unity dll's ...
Register platform support module: /Users/tiyani/Documents/Unity bestanden/2021.1.11f1/Unity.app/Contents/PlaybackEngines/MacStandaloneSupport/UnityEditor.OSXStandalone.Extensions.dll
Register platform support module: /Users/tiyani/Documents/Unity bestanden/2021.1.11f1/PlaybackEngines/WindowsStandaloneSupport/UnityEditor.WindowsStandalone.Extensions.dll
Registered in 0.059072 seconds.
Native extension for WindowsStandalone target not found
Native extension for OSXStandalone target not found
Refreshing native plugins compatible for Editor in 377.67 ms, found 2 plugins.
Preloading 0 native plugins for Editor in 0.00 ms.
Mono: successfully reloaded assembly
- Completed reload, in  9.486 seconds
Domain Reload Profiling:
	ReloadAssembly (9487ms)
		BeginReloadAssembly (123ms)
			ExecutionOrderSort (0ms)
			DisableScriptedObjects (0ms)
			BackupInstance (0ms)
			ReleaseScriptingObjects (0ms)
			CreateAndSetChildDomain (2ms)
		EndReloadAssembly (2725ms)
			LoadAssemblies (147ms)
			RebuildTransferFunctionScriptingTraits (0ms)
			SetupTypeCache (1184ms)
			ReleaseScriptCaches (0ms)
			RebuildScriptCaches (255ms)
			SetupLoadedEditorAssemblies (1024ms)
				LogAssemblyErrors (0ms)
				InitializePlatformSupportModulesInManaged (49ms)
				SetLoadedEditorAssemblies (2ms)
				RefreshPlugins (378ms)
				BeforeProcessingInitializeOnLoad (11ms)
				ProcessInitializeOnLoadAttributes (489ms)
				ProcessInitializeOnLoadMethodAttributes (95ms)
				AfterProcessingInitializeOnLoad (0ms)
				EditorAssembliesLoaded (1ms)
			ExecutionOrderSort2 (0ms)
			AwakeInstancesAfterBackupRestoration (0ms)
Platform modules already initialized, skipping
Registering precompiled user dll's ...
Registered in 0.208098 seconds.
