Using pre-set license

 COMMAND LINE ARGUMENTS:
/Users/tiyani/Documents/Unity bestanden/2020.3.10f1/Unity.app/Contents/MacOS/Unity
-adb2
-batchMode
-noUpm
-name
AssetImportWorker0
-projectPath
/Users/tiyani/Documents/Github/Applied/Sintscape
-logFile
Logs/AssetImportWorker0.log
-srvPort
50742
Successfully changed project path to: /Users/tiyani/Documents/Github/Applied/Sintscape
/Users/tiyani/Documents/Github/Applied/Sintscape
Using Asset Import Pipeline V2.
Refreshing native plugins compatible for Editor in 119.34 ms, found 2 plugins.
Preloading 0 native plugins for Editor in 0.00 ms.
Initialize engine version: 2020.3.10f1 (297d780c91bc)
[Subsystems] Discovering subsystems at path /Users/tiyani/Documents/Unity bestanden/2020.3.10f1/Unity.app/Contents/Resources/UnitySubsystems
[Subsystems] Discovering subsystems at path /Users/tiyani/Documents/Github/Applied/Sintscape/Assets
GfxDevice: creating device client; threaded=0
2021-06-04 11:21:30.217 Unity[3106:28216] 43UHD_LCD_TV preferred device: Intel HD Graphics 4000 (low power)
2021-06-04 11:21:30.217 Unity[3106:28216] Metal devices available: 1
2021-06-04 11:21:30.217 Unity[3106:28216] 0: Intel HD Graphics 4000 (low power)
2021-06-04 11:21:30.218 Unity[3106:28216] Using device Intel HD Graphics 4000 (low power)
Initializing Metal device caps: Intel HD Graphics 4000
Initialize mono
Mono path[0] = '/Users/tiyani/Documents/Unity bestanden/2020.3.10f1/Unity.app/Contents/Managed'
Mono path[1] = '/Users/tiyani/Documents/Unity bestanden/2020.3.10f1/Unity.app/Contents/MonoBleedingEdge/lib/mono/unityjit'
Mono config path = '/Users/tiyani/Documents/Unity bestanden/2020.3.10f1/Unity.app/Contents/MonoBleedingEdge/etc'
Using monoOptions --debugger-agent=transport=dt_socket,embedding=1,server=y,suspend=n,address=127.0.0.1:56106
Begin MonoManager ReloadAssembly
Registering precompiled unity dll's ...
Register platform support module: /Users/tiyani/Documents/Unity bestanden/2020.3.10f1/Unity.app/Contents/PlaybackEngines/MacStandaloneSupport/UnityEditor.OSXStandalone.Extensions.dll
Register platform support module: /Users/tiyani/Documents/Unity bestanden/2020.3.10f1/PlaybackEngines/WindowsStandaloneSupport/UnityEditor.WindowsStandalone.Extensions.dll
Registered in 0.001050 seconds.
Native extension for WindowsStandalone target not found
Native extension for OSXStandalone target not found
Refreshing native plugins compatible for Editor in 75.94 ms, found 2 plugins.
Preloading 0 native plugins for Editor in 0.00 ms.
Mono: successfully reloaded assembly
- Completed reload, in  5.622 seconds
Platform modules already initialized, skipping
Registering precompiled user dll's ...
Registered in 0.005884 seconds.
Begin MonoManager ReloadAssembly
Native extension for WindowsStandalone target not found
Native extension for OSXStandalone target not found
Refreshing native plugins compatible for Editor in 0.81 ms, found 2 plugins.
Preloading 0 native plugins for Editor in 0.00 ms.
Mono: successfully reloaded assembly
- Completed reload, in  2.839 seconds
Platform modules already initialized, skipping
========================================================================
Worker process is ready to serve import requests
Launching external process: /Users/tiyani/Documents/Unity bestanden/2020.3.10f1/Unity.app/Contents/Tools/UnityShaderCompiler
Launched and connected shader compiler UnityShaderCompiler after 0.02 seconds
Refreshing native plugins compatible for Editor in 2.81 ms, found 2 plugins.
Preloading 0 native plugins for Editor in 0.00 ms.
Unloading 1608 Unused Serialized files (Serialized files now loaded: 0)
System memory in use before: 145.3 MB.
System memory in use after: 145.3 MB.

Unloading 25 unused Assets to reduce memory usage. Loaded Objects now: 2036.
Total: 4.099625 ms (FindLiveObjects: 0.449948 ms CreateObjectMapping: 0.094036 ms MarkObjects: 3.414461 ms  DeleteObjects: 0.137697 ms)

========================================================================
Received Import Request.
  path: Assets/Scenes
  artifactKey: Guid(c496bbf2f683546aead8d318fec6d99f) Importer(815301076,1909f56bfc062723c751e8b465ee728b)
Start importing Assets/Scenes using Guid(c496bbf2f683546aead8d318fec6d99f) Importer(815301076,1909f56bfc062723c751e8b465ee728b)  -> (artifact id: '984e1f5a329328abc5d5902aafeab8d9') in 0.007205 seconds
  Import took 0.011410 seconds .

========================================================================
Received Import Request.
  Time since last request: 0.000415 seconds.
  path: Assets/Photon/PhotonUnityNetworking/Resources/PhotonServerSettings.asset
  artifactKey: Guid(aa33295a3581546c299cc910490e1bd5) Importer(815301076,1909f56bfc062723c751e8b465ee728b)
Start importing Assets/Photon/PhotonUnityNetworking/Resources/PhotonServerSettings.asset using Guid(aa33295a3581546c299cc910490e1bd5) Importer(815301076,1909f56bfc062723c751e8b465ee728b)  -> (artifact id: '6cbdb33263b6d6549b571d048b083e9f') in 0.437809 seconds
  Import took 0.445250 seconds .

========================================================================
Received Import Request.
  Time since last request: 1.315401 seconds.
  path: Assets/Photon
  artifactKey: Guid(98951132346795f438babe7a3183da43) Importer(815301076,1909f56bfc062723c751e8b465ee728b)
Start importing Assets/Photon using Guid(98951132346795f438babe7a3183da43) Importer(815301076,1909f56bfc062723c751e8b465ee728b)  -> (artifact id: 'f1844fb2484027392bdeedc942fd0b90') in 0.002097 seconds
  Import took 0.008410 seconds .

========================================================================
Received Import Request.
  Time since last request: 0.001787 seconds.
  path: Assets/Photon
  artifactKey: Guid(98951132346795f438babe7a3183da43) Importer(815301076,1909f56bfc062723c751e8b465ee728b)
Start importing Assets/Photon using Guid(98951132346795f438babe7a3183da43) Importer(815301076,1909f56bfc062723c751e8b465ee728b)  -> (artifact id: 'f1844fb2484027392bdeedc942fd0b90') in 0.002313 seconds
  Import took 0.008681 seconds .

========================================================================
Received Import Request.
  Time since last request: 2.197556 seconds.
  path: Assets/Photon/PhotonChat
  artifactKey: Guid(ea05e6479d592944d955c2a5e1a6d6f1) Importer(815301076,1909f56bfc062723c751e8b465ee728b)
Start importing Assets/Photon/PhotonChat using Guid(ea05e6479d592944d955c2a5e1a6d6f1) Importer(815301076,1909f56bfc062723c751e8b465ee728b)  -> (artifact id: '422ec55f01fdc951764d75002a71c492') in 0.066483 seconds
  Import took 0.072046 seconds .

========================================================================
Received Import Request.
  Time since last request: 0.945147 seconds.
  path: Assets/Photon/PhotonChat/Code
  artifactKey: Guid(af83a98aaa4f7b64eb7fcec95ee7b1ed) Importer(815301076,1909f56bfc062723c751e8b465ee728b)
Start importing Assets/Photon/PhotonChat/Code using Guid(af83a98aaa4f7b64eb7fcec95ee7b1ed) Importer(815301076,1909f56bfc062723c751e8b465ee728b)  -> (artifact id: 'a5f30277efdc2e71a9b0dacc5f386308') in 0.002414 seconds
  Import took 0.009967 seconds .

========================================================================
Received Import Request.
  Time since last request: 0.001236 seconds.
  path: Assets/Photon/PhotonChat/Code
  artifactKey: Guid(af83a98aaa4f7b64eb7fcec95ee7b1ed) Importer(815301076,1909f56bfc062723c751e8b465ee728b)
Start importing Assets/Photon/PhotonChat/Code using Guid(af83a98aaa4f7b64eb7fcec95ee7b1ed) Importer(815301076,1909f56bfc062723c751e8b465ee728b)  -> (artifact id: 'a5f30277efdc2e71a9b0dacc5f386308') in 0.002527 seconds
  Import took 0.009360 seconds .

========================================================================
Received Import Request.
  Time since last request: 0.054982 seconds.
  path: Assets/Photon/PhotonChat/Code/PhotonChat.asmdef
  artifactKey: Guid(08a110bd598f7604f9519c2d7e1fb3cc) Importer(815301076,1909f56bfc062723c751e8b465ee728b)
Start importing Assets/Photon/PhotonChat/Code/PhotonChat.asmdef using Guid(08a110bd598f7604f9519c2d7e1fb3cc) Importer(815301076,1909f56bfc062723c751e8b465ee728b)  -> (artifact id: '2f7da820bc12c7b7aa1146d3888bf55b') in 0.207835 seconds
  Import took 0.212252 seconds .

========================================================================
Received Import Request.
  Time since last request: 2.354282 seconds.
  path: Assets/Photon/PhotonChat/Demos
  artifactKey: Guid(801c62f7d03cb463ba20067deb330234) Importer(815301076,1909f56bfc062723c751e8b465ee728b)
Start importing Assets/Photon/PhotonChat/Demos using Guid(801c62f7d03cb463ba20067deb330234) Importer(815301076,1909f56bfc062723c751e8b465ee728b)  -> (artifact id: 'f4225419c26fb886fdd51851669eeb01') in 0.053543 seconds
  Import took 0.058311 seconds .

========================================================================
Received Import Request.
  Time since last request: 6.943630 seconds.
  path: Assets/Photon/PhotonChat/Demos/DemoChat
  artifactKey: Guid(4e3a46219ebf94310a9f347733f88f31) Importer(815301076,1909f56bfc062723c751e8b465ee728b)
Start importing Assets/Photon/PhotonChat/Demos/DemoChat using Guid(4e3a46219ebf94310a9f347733f88f31) Importer(815301076,1909f56bfc062723c751e8b465ee728b)  -> (artifact id: '543be28d4f6b3c3beb10cdd69f5045e0') in 0.036007 seconds
  Import took 0.041608 seconds .

========================================================================
Received Import Request.
  Time since last request: 1.948670 seconds.
  path: Assets/Photon/PhotonChat/Demos/DemoChat/DemoChat-Scene.unity
  artifactKey: Guid(ec07267f6a28fb044ac89845274e79af) Importer(815301076,1909f56bfc062723c751e8b465ee728b)
Start importing Assets/Photon/PhotonChat/Demos/DemoChat/DemoChat-Scene.unity using Guid(ec07267f6a28fb044ac89845274e79af) Importer(815301076,1909f56bfc062723c751e8b465ee728b)  -> (artifact id: 'ed6aefe10a88a6787c93f57b5adbccf5') in 0.024523 seconds
  Import took 0.029212 seconds .

========================================================================
Received Prepare
Registering precompiled user dll's ...
Registered in 0.015050 seconds.
Begin MonoManager ReloadAssembly
Native extension for WindowsStandalone target not found
Native extension for OSXStandalone target not found
Refreshing native plugins compatible for Editor in 0.51 ms, found 2 plugins.
Preloading 0 native plugins for Editor in 0.00 ms.
Mono: successfully reloaded assembly
- Completed reload, in  2.577 seconds
Platform modules already initialized, skipping
Refreshing native plugins compatible for Editor in 0.54 ms, found 2 plugins.
Preloading 0 native plugins for Editor in 0.00 ms.
Unloading 1602 Unused Serialized files (Serialized files now loaded: 0)
System memory in use before: 154.0 MB.
System memory in use after: 154.0 MB.

Unloading 19 unused Assets to reduce memory usage. Loaded Objects now: 2040.
Total: 3.005374 ms (FindLiveObjects: 0.308322 ms CreateObjectMapping: 0.161830 ms MarkObjects: 2.440904 ms  DeleteObjects: 0.092831 ms)

========================================================================
Received Import Request.
  Time since last request: 114.649096 seconds.
  path: Assets/Photon/PhotonChat/Demos/Common
  artifactKey: Guid(1aab6e4c105054f7e91af2cf027064d1) Importer(815301076,1909f56bfc062723c751e8b465ee728b)
Start importing Assets/Photon/PhotonChat/Demos/Common using Guid(1aab6e4c105054f7e91af2cf027064d1) Importer(815301076,1909f56bfc062723c751e8b465ee728b)  -> (artifact id: '2db97717f9ec8e0662c60f4842dc0382') in 0.045180 seconds
  Import took 0.050649 seconds .

========================================================================
Received Import Request.
  Time since last request: 9.436055 seconds.
  path: Assets/Photon/PhotonNetworking-Documentation.chm
  artifactKey: Guid(6923098d409554f57bedd5a4fa66e3ad) Importer(815301076,1909f56bfc062723c751e8b465ee728b)
Start importing Assets/Photon/PhotonNetworking-Documentation.chm using Guid(6923098d409554f57bedd5a4fa66e3ad) Importer(815301076,1909f56bfc062723c751e8b465ee728b)  -> (artifact id: 'e0fb48ecaf506d6c076f66a9521ffd30') in 0.209933 seconds
  Import took 0.214575 seconds .

========================================================================
Received Import Request.
  Time since last request: 2.605891 seconds.
  path: Assets/Photon/PhotonLibs
  artifactKey: Guid(ee1734b1a7bac244bb5f15ecd778b5f2) Importer(815301076,1909f56bfc062723c751e8b465ee728b)
Start importing Assets/Photon/PhotonLibs using Guid(ee1734b1a7bac244bb5f15ecd778b5f2) Importer(815301076,1909f56bfc062723c751e8b465ee728b)  -> (artifact id: 'eabc4f9c64b2d11414e79d7ec246d704') in 0.001663 seconds
  Import took 0.008016 seconds .

========================================================================
Received Import Request.
  Time since last request: 0.001259 seconds.
  path: Assets/Photon/PhotonLibs
  artifactKey: Guid(ee1734b1a7bac244bb5f15ecd778b5f2) Importer(815301076,1909f56bfc062723c751e8b465ee728b)
Start importing Assets/Photon/PhotonLibs using Guid(ee1734b1a7bac244bb5f15ecd778b5f2) Importer(815301076,1909f56bfc062723c751e8b465ee728b)  -> (artifact id: 'eabc4f9c64b2d11414e79d7ec246d704') in 0.011011 seconds
  Import took 0.017725 seconds .

========================================================================
Received Import Request.
  Time since last request: 1.583817 seconds.
  path: Assets/Photon/PhotonRealtime
  artifactKey: Guid(b54c221855bde4a4ba511877e7b6b904) Importer(815301076,1909f56bfc062723c751e8b465ee728b)
Start importing Assets/Photon/PhotonRealtime using Guid(b54c221855bde4a4ba511877e7b6b904) Importer(815301076,1909f56bfc062723c751e8b465ee728b)  -> (artifact id: 'a6667b0e99c7ed6c6d62b7c43a320b95') in 0.153499 seconds
  Import took 0.158651 seconds .

========================================================================
Received Import Request.
  Time since last request: 2.758658 seconds.
  path: Assets/Photon/PhotonUnityNetworking
  artifactKey: Guid(d2b6672cc770a19438ff06fcb2637630) Importer(815301076,1909f56bfc062723c751e8b465ee728b)
Start importing Assets/Photon/PhotonUnityNetworking using Guid(d2b6672cc770a19438ff06fcb2637630) Importer(815301076,1909f56bfc062723c751e8b465ee728b)  -> (artifact id: '35ede24a24719380ddefcdd67530cfbd') in 0.021390 seconds
  Import took 0.026591 seconds .

========================================================================
Received Import Request.
  Time since last request: 40.778894 seconds.
  path: Assets/Photon/PhotonNetworking-Documentation.pdf
  artifactKey: Guid(c285a840e88d74462a18710772dc4bfb) Importer(815301076,1909f56bfc062723c751e8b465ee728b)
Start importing Assets/Photon/PhotonNetworking-Documentation.pdf using Guid(c285a840e88d74462a18710772dc4bfb) Importer(815301076,1909f56bfc062723c751e8b465ee728b)  -> (artifact id: '2aa4ba8c2ea4c8c7f70b7a52632015a8') in 0.883184 seconds
  Import took 0.888338 seconds .

========================================================================
Received Import Request.
  Time since last request: 19.956742 seconds.
  path: Assets/Photon/PhotonLibs/WebSocket
  artifactKey: Guid(2f243ce0406bd1c40a9ff5fc2d78d905) Importer(815301076,1909f56bfc062723c751e8b465ee728b)
Start importing Assets/Photon/PhotonLibs/WebSocket using Guid(2f243ce0406bd1c40a9ff5fc2d78d905) Importer(815301076,1909f56bfc062723c751e8b465ee728b)  -> (artifact id: 'e532ea92269697075eddc7e912fa2dda') in 0.041304 seconds
  Import took 0.046007 seconds .

========================================================================
Received Import Request.
  Time since last request: 3.541235 seconds.
  path: Assets/Photon/PhotonLibs/Metro
  artifactKey: Guid(887ac71c799552346b6cf7654fb699cb) Importer(815301076,1909f56bfc062723c751e8b465ee728b)
Start importing Assets/Photon/PhotonLibs/Metro using Guid(887ac71c799552346b6cf7654fb699cb) Importer(815301076,1909f56bfc062723c751e8b465ee728b)  -> (artifact id: 'b96bf18b9370c3e50c5bdf63096c87a0') in 0.001600 seconds
  Import took 0.007198 seconds .

========================================================================
Received Import Request.
  Time since last request: 0.000429 seconds.
  path: Assets/Photon/PhotonLibs/Metro
  artifactKey: Guid(887ac71c799552346b6cf7654fb699cb) Importer(815301076,1909f56bfc062723c751e8b465ee728b)
Start importing Assets/Photon/PhotonLibs/Metro using Guid(887ac71c799552346b6cf7654fb699cb) Importer(815301076,1909f56bfc062723c751e8b465ee728b)  -> (artifact id: 'b96bf18b9370c3e50c5bdf63096c87a0') in 0.001524 seconds
  Import took 0.006403 seconds .

========================================================================
Received Import Request.
  Time since last request: 2.737138 seconds.
  path: Assets/Photon/PhotonLibs/netstandard2.0
  artifactKey: Guid(beb9d2a25c882b54ab2fd9adaec2b53c) Importer(815301076,1909f56bfc062723c751e8b465ee728b)
Start importing Assets/Photon/PhotonLibs/netstandard2.0 using Guid(beb9d2a25c882b54ab2fd9adaec2b53c) Importer(815301076,1909f56bfc062723c751e8b465ee728b)  -> (artifact id: 'c750854d7b73f650289fc8447d4c6ece') in 0.002264 seconds
  Import took 0.008485 seconds .

========================================================================
Received Import Request.
  Time since last request: 0.001700 seconds.
  path: Assets/Photon/PhotonLibs/netstandard2.0
  artifactKey: Guid(beb9d2a25c882b54ab2fd9adaec2b53c) Importer(815301076,1909f56bfc062723c751e8b465ee728b)
Start importing Assets/Photon/PhotonLibs/netstandard2.0 using Guid(beb9d2a25c882b54ab2fd9adaec2b53c) Importer(815301076,1909f56bfc062723c751e8b465ee728b)  -> (artifact id: 'c750854d7b73f650289fc8447d4c6ece') in 0.001631 seconds
  Import took 0.007631 seconds .

========================================================================
Received Prepare
Registering precompiled user dll's ...
Registered in 0.004460 seconds.
Begin MonoManager ReloadAssembly
Native extension for WindowsStandalone target not found
Native extension for OSXStandalone target not found
Refreshing native plugins compatible for Editor in 0.62 ms, found 2 plugins.
Preloading 0 native plugins for Editor in 0.00 ms.
Mono: successfully reloaded assembly
- Completed reload, in  2.279 seconds
Platform modules already initialized, skipping
Refreshing native plugins compatible for Editor in 0.52 ms, found 2 plugins.
Preloading 0 native plugins for Editor in 0.00 ms.
Unloading 1578 Unused Serialized files (Serialized files now loaded: 0)
System memory in use before: 161.9 MB.
System memory in use after: 162.0 MB.

Unloading 43 unused Assets to reduce memory usage. Loaded Objects now: 2020.
Total: 3.095825 ms (FindLiveObjects: 0.287252 ms CreateObjectMapping: 0.158388 ms MarkObjects: 2.556782 ms  DeleteObjects: 0.091766 ms)

========================================================================
Received Import Request.
  Time since last request: 85.678529 seconds.
  path: Assets/Scenes/SampleScene.unity
  artifactKey: Guid(9fc0d4010bbf28b4594072e72b8655ab) Importer(815301076,1909f56bfc062723c751e8b465ee728b)
Start importing Assets/Scenes/SampleScene.unity using Guid(9fc0d4010bbf28b4594072e72b8655ab) Importer(815301076,1909f56bfc062723c751e8b465ee728b)  -> (artifact id: '85059f4f9e1a832ed95adaa0d25c5c4c') in 0.305291 seconds
  Import took 0.310648 seconds .

========================================================================
Received Prepare
Registering precompiled user dll's ...
Registered in 0.006125 seconds.
Begin MonoManager ReloadAssembly
Native extension for WindowsStandalone target not found
Native extension for OSXStandalone target not found
Refreshing native plugins compatible for Editor in 0.53 ms, found 2 plugins.
Preloading 0 native plugins for Editor in 0.00 ms.
Mono: successfully reloaded assembly
- Completed reload, in  2.290 seconds
Platform modules already initialized, skipping
Refreshing native plugins compatible for Editor in 0.52 ms, found 2 plugins.
Preloading 0 native plugins for Editor in 0.00 ms.
Unloading 1602 Unused Serialized files (Serialized files now loaded: 0)
System memory in use before: 162.8 MB.
System memory in use after: 162.9 MB.

Unloading 19 unused Assets to reduce memory usage. Loaded Objects now: 2048.
Total: 3.030736 ms (FindLiveObjects: 0.336789 ms CreateObjectMapping: 0.162223 ms MarkObjects: 2.458580 ms  DeleteObjects: 0.071544 ms)

========================================================================
Received Import Request.
  Time since last request: 95.420255 seconds.
  path: Assets/Photon/PhotonUnityNetworking/Icons
  artifactKey: Guid(ebc245e9a162d7749b96acd14e6d473e) Importer(815301076,1909f56bfc062723c751e8b465ee728b)
Start importing Assets/Photon/PhotonUnityNetworking/Icons using Guid(ebc245e9a162d7749b96acd14e6d473e) Importer(815301076,1909f56bfc062723c751e8b465ee728b)  -> (artifact id: '27bd95b721be26df0c38a0440040d0c6') in 0.352316 seconds
  Import took 0.358669 seconds .

========================================================================
Received Import Request.
  Time since last request: 0.000320 seconds.
  path: Assets/Photon/PhotonUnityNetworking/Icons/PunIconApp512.png
  artifactKey: Guid(7377013011b4c3348809ff574abe799e) Importer(815301076,1909f56bfc062723c751e8b465ee728b)
Start importing Assets/Photon/PhotonUnityNetworking/Icons/PunIconApp512.png using Guid(7377013011b4c3348809ff574abe799e) Importer(815301076,1909f56bfc062723c751e8b465ee728b)  -> (artifact id: '186fc88f668fcb1df63de38ec74f2bb9') in 3.521740 seconds
  Import took 3.526299 seconds .

========================================================================
Received Import Request.
  Time since last request: 0.000305 seconds.
  path: Assets/Photon/PhotonUnityNetworking/Icons/PunIconApp128.png
  artifactKey: Guid(f00feafcf0675cd47a48f83ae42b06d4) Importer(815301076,1909f56bfc062723c751e8b465ee728b)
Start importing Assets/Photon/PhotonUnityNetworking/Icons/PunIconApp128.png using Guid(f00feafcf0675cd47a48f83ae42b06d4) Importer(815301076,1909f56bfc062723c751e8b465ee728b)  -> (artifact id: 'e3aad5da8bea662770137967fd20be9d') in 0.020253 seconds
  Import took 0.024950 seconds .

========================================================================
Received Import Request.
  Time since last request: 0.000585 seconds.
  path: Assets/Photon/PhotonUnityNetworking/Icons/PunIconApp32.png
  artifactKey: Guid(436c5e63723127948af8857e903f658a) Importer(815301076,1909f56bfc062723c751e8b465ee728b)
Start importing Assets/Photon/PhotonUnityNetworking/Icons/PunIconApp32.png using Guid(436c5e63723127948af8857e903f658a) Importer(815301076,1909f56bfc062723c751e8b465ee728b)  -> (artifact id: '229bec0caebac259604d2cf5e6592e10') in 0.078890 seconds
  Import took 0.085834 seconds .

========================================================================
Received Import Request.
  Time since last request: 0.000388 seconds.
  path: Assets/Photon/PhotonUnityNetworking/Icons/PunIconApp48.png
  artifactKey: Guid(44ebd8e6f42cae445ab4b22f0a9b48a0) Importer(815301076,1909f56bfc062723c751e8b465ee728b)
Start importing Assets/Photon/PhotonUnityNetworking/Icons/PunIconApp48.png using Guid(44ebd8e6f42cae445ab4b22f0a9b48a0) Importer(815301076,1909f56bfc062723c751e8b465ee728b)  -> (artifact id: 'b23ea1e79c00613381d5997209240c6f') in 0.041873 seconds
  Import took 0.051666 seconds .

========================================================================
Received Import Request.
  Time since last request: 0.000577 seconds.
  path: Assets/Photon/PhotonUnityNetworking/Icons/PunIcon-128.png
  artifactKey: Guid(bd293dc32f4aaf94e8274f2fac2cdf89) Importer(815301076,1909f56bfc062723c751e8b465ee728b)
Start importing Assets/Photon/PhotonUnityNetworking/Icons/PunIcon-128.png using Guid(bd293dc32f4aaf94e8274f2fac2cdf89) Importer(815301076,1909f56bfc062723c751e8b465ee728b)  -> (artifact id: '7a2b878916e5838d56170a1c09b75688') in 0.073314 seconds
  Import took 0.080929 seconds .

========================================================================
Received Import Request.
  Time since last request: 1.014011 seconds.
  path: Assets/Photon/PhotonUnityNetworking/Demos
  artifactKey: Guid(cb8ec42b3fa78bd4f9a20b7de289d9cd) Importer(815301076,1909f56bfc062723c751e8b465ee728b)
Start importing Assets/Photon/PhotonUnityNetworking/Demos using Guid(cb8ec42b3fa78bd4f9a20b7de289d9cd) Importer(815301076,1909f56bfc062723c751e8b465ee728b)  -> (artifact id: 'a25c23c2cc5ac35ac495cadd24f2cd6e') in 0.024275 seconds
  Import took 0.030453 seconds .

========================================================================
Received Import Request.
  Time since last request: 0.005705 seconds.
  path: Assets/Photon/PhotonUnityNetworking/Demos/PhotonUnityNetworking.Demos.asmdef
  artifactKey: Guid(35cc2632df2760540bcc67312740008b) Importer(815301076,1909f56bfc062723c751e8b465ee728b)
Start importing Assets/Photon/PhotonUnityNetworking/Demos/PhotonUnityNetworking.Demos.asmdef using Guid(35cc2632df2760540bcc67312740008b) Importer(815301076,1909f56bfc062723c751e8b465ee728b)  -> (artifact id: 'c39c90c9a45edae63be0e1cccf032d39') in 0.003724 seconds
  Import took 0.009336 seconds .

========================================================================
Received Import Request.
  Time since last request: 9.922891 seconds.
  path: Assets/Photon/PhotonUnityNetworking/Demos/DemoSlotRacer
  artifactKey: Guid(f596cf04a966f2c4f99e675fea04c8a0) Importer(815301076,1909f56bfc062723c751e8b465ee728b)
Start importing Assets/Photon/PhotonUnityNetworking/Demos/DemoSlotRacer using Guid(f596cf04a966f2c4f99e675fea04c8a0) Importer(815301076,1909f56bfc062723c751e8b465ee728b)  -> (artifact id: '1e94ef6a7f4dd0ce47ba75955ff55e5b') in 0.157482 seconds
  Import took 0.163127 seconds .

========================================================================
Received Import Request.
  Time since last request: 1.232467 seconds.
  path: Assets/Photon/PhotonUnityNetworking/Demos/DemoProcedural
  artifactKey: Guid(5be0f48c310a256419f65a4919c8ea94) Importer(815301076,1909f56bfc062723c751e8b465ee728b)
Start importing Assets/Photon/PhotonUnityNetworking/Demos/DemoProcedural using Guid(5be0f48c310a256419f65a4919c8ea94) Importer(815301076,1909f56bfc062723c751e8b465ee728b)  -> (artifact id: 'f3cf5c425dca5039499ad6accb343687') in 0.138805 seconds
  Import took 0.145067 seconds .

========================================================================
Received Import Request.
  Time since last request: 2.434220 seconds.
  path: Assets/Photon/PhotonUnityNetworking/Demos/DemoHub
  artifactKey: Guid(76393d857f3f83e4eac6e8fe98f97c3d) Importer(815301076,1909f56bfc062723c751e8b465ee728b)
Start importing Assets/Photon/PhotonUnityNetworking/Demos/DemoHub using Guid(76393d857f3f83e4eac6e8fe98f97c3d) Importer(815301076,1909f56bfc062723c751e8b465ee728b)  -> (artifact id: '95ae8f4d3976a1528bdd5a58cfe4520d') in 0.021680 seconds
  Import took 0.026583 seconds .

========================================================================
Received Import Request.
  Time since last request: 1.704295 seconds.
  path: Assets/Photon/PhotonUnityNetworking/Demos/DemoAsteroids
  artifactKey: Guid(836b5819c0347f0458f3e374fa3c2230) Importer(815301076,1909f56bfc062723c751e8b465ee728b)
Start importing Assets/Photon/PhotonUnityNetworking/Demos/DemoAsteroids using Guid(836b5819c0347f0458f3e374fa3c2230) Importer(815301076,1909f56bfc062723c751e8b465ee728b)  -> (artifact id: 'd1b174a814418200c2c85758163d2f5b') in 0.058467 seconds
  Import took 0.064785 seconds .

========================================================================
Received Import Request.
  Time since last request: 5.780992 seconds.
  path: Assets/Photon/PhotonUnityNetworking/Demos/DemoAsteroids/Scenes
  artifactKey: Guid(93a466838cecd764a94035c8b6f1596b) Importer(815301076,1909f56bfc062723c751e8b465ee728b)
Start importing Assets/Photon/PhotonUnityNetworking/Demos/DemoAsteroids/Scenes using Guid(93a466838cecd764a94035c8b6f1596b) Importer(815301076,1909f56bfc062723c751e8b465ee728b)  -> (artifact id: '9e5eb2b3d2fb92e4188b796a2db063eb') in 0.242565 seconds
  Import took 0.249037 seconds .

========================================================================
Received Import Request.
  Time since last request: 1.475701 seconds.
  path: Assets/Photon/PhotonUnityNetworking/Demos/DemoAsteroids/Scenes/DemoAsteroids-GameScene.unity
  artifactKey: Guid(98efc37d6307844488eb3e4247dde7e9) Importer(815301076,1909f56bfc062723c751e8b465ee728b)
Start importing Assets/Photon/PhotonUnityNetworking/Demos/DemoAsteroids/Scenes/DemoAsteroids-GameScene.unity using Guid(98efc37d6307844488eb3e4247dde7e9) Importer(815301076,1909f56bfc062723c751e8b465ee728b)  -> (artifact id: '297dfb6708ab32b2d1968ff4fe48dc47') in 0.049757 seconds
  Import took 0.055414 seconds .

========================================================================
Received Import Request.
  Time since last request: 3.674825 seconds.
  path: Assets/Photon/PhotonUnityNetworking/Demos/DemoAsteroids/Scenes/DemoAsteroids-LobbyScene.unity
  artifactKey: Guid(c8a9d1312a49dc8488a9b32d83d659c7) Importer(815301076,1909f56bfc062723c751e8b465ee728b)
Start importing Assets/Photon/PhotonUnityNetworking/Demos/DemoAsteroids/Scenes/DemoAsteroids-LobbyScene.unity using Guid(c8a9d1312a49dc8488a9b32d83d659c7) Importer(815301076,1909f56bfc062723c751e8b465ee728b)  -> (artifact id: 'd926b2706b581074a6a42526fd09dda7') in 0.036750 seconds
  Import took 0.044412 seconds .

========================================================================
Received Prepare
Registering precompiled user dll's ...
Registered in 0.004858 seconds.
Begin MonoManager ReloadAssembly
Native extension for WindowsStandalone target not found
Native extension for OSXStandalone target not found
Refreshing native plugins compatible for Editor in 0.53 ms, found 2 plugins.
Preloading 0 native plugins for Editor in 0.00 ms.
Mono: successfully reloaded assembly
- Completed reload, in  2.085 seconds
Platform modules already initialized, skipping
Refreshing native plugins compatible for Editor in 0.52 ms, found 2 plugins.
Preloading 0 native plugins for Editor in 0.00 ms.
Unloading 1602 Unused Serialized files (Serialized files now loaded: 0)
System memory in use before: 170.6 MB.
System memory in use after: 170.7 MB.

Unloading 19 unused Assets to reduce memory usage. Loaded Objects now: 2062.
Total: 3.139074 ms (FindLiveObjects: 0.323325 ms CreateObjectMapping: 0.162793 ms MarkObjects: 2.580601 ms  DeleteObjects: 0.070640 ms)

========================================================================
Received Import Request.
  Time since last request: 437.925823 seconds.
  path: Assets/Scenes/Menu.unity
  artifactKey: Guid(94065ce8ef3e04282bdb30e2a8d38aaf) Importer(815301076,1909f56bfc062723c751e8b465ee728b)
Start importing Assets/Scenes/Menu.unity using Guid(94065ce8ef3e04282bdb30e2a8d38aaf) Importer(815301076,1909f56bfc062723c751e8b465ee728b)  -> (artifact id: '211e3472e8f5cf0c257ccca37fed8aff') in 0.046369 seconds
  Import took 0.066026 seconds .

========================================================================
Received Prepare
Registering precompiled user dll's ...
Registered in 0.004269 seconds.
Begin MonoManager ReloadAssembly
Native extension for WindowsStandalone target not found
Native extension for OSXStandalone target not found
Refreshing native plugins compatible for Editor in 1.37 ms, found 2 plugins.
Preloading 0 native plugins for Editor in 0.00 ms.
Mono: successfully reloaded assembly
- Completed reload, in  2.936 seconds
Platform modules already initialized, skipping
Refreshing native plugins compatible for Editor in 0.58 ms, found 2 plugins.
Preloading 0 native plugins for Editor in 0.00 ms.
Unloading 1649 Unused Serialized files (Serialized files now loaded: 0)
System memory in use before: 173.8 MB.
System memory in use after: 173.2 MB.

Unloading 32 unused Assets to reduce memory usage. Loaded Objects now: 2100.
Total: 3.820876 ms (FindLiveObjects: 0.338339 ms CreateObjectMapping: 0.204754 ms MarkObjects: 2.717942 ms  DeleteObjects: 0.558166 ms)

========================================================================
Received Import Request.
  Time since last request: 618.935341 seconds.
  path: Assets/TextMesh Pro/Examples & Extras/Textures/Sunny Days - Seamless.jpg
  artifactKey: Guid(17c350171f7a3ca479f830547c66d187) Importer(815301076,1909f56bfc062723c751e8b465ee728b)
Start importing Assets/TextMesh Pro/Examples & Extras/Textures/Sunny Days - Seamless.jpg using Guid(17c350171f7a3ca479f830547c66d187) Importer(815301076,1909f56bfc062723c751e8b465ee728b)  -> (artifact id: 'afb92d2137c33c3d67aafdf56daa70ed') in 1.242130 seconds
  Import took 1.249470 seconds .

========================================================================
Received Import Request.
  Time since last request: 0.000502 seconds.
  path: Assets/TextMesh Pro/Examples & Extras/Textures/Fruit Jelly (B&W).jpg
  artifactKey: Guid(1cdc5b506b1a4a33a53c30669ced1f51) Importer(815301076,1909f56bfc062723c751e8b465ee728b)
Start importing Assets/TextMesh Pro/Examples & Extras/Textures/Fruit Jelly (B&W).jpg using Guid(1cdc5b506b1a4a33a53c30669ced1f51) Importer(815301076,1909f56bfc062723c751e8b465ee728b)  -> (artifact id: '8f35fe619262576d87a7be15bf20aa41') in 0.017880 seconds
  Import took 0.030073 seconds .

========================================================================
Received Import Request.
  Time since last request: 0.012166 seconds.
  path: Assets/TextMesh Pro/Examples & Extras/Textures/Sunny Days - Seamless.jpg
  artifactKey: Guid(17c350171f7a3ca479f830547c66d187) Importer(815301076,1909f56bfc062723c751e8b465ee728b)
Start importing Assets/TextMesh Pro/Examples & Extras/Textures/Sunny Days - Seamless.jpg using Guid(17c350171f7a3ca479f830547c66d187) Importer(815301076,1909f56bfc062723c751e8b465ee728b)  -> (artifact id: 'afb92d2137c33c3d67aafdf56daa70ed') in 0.035133 seconds
  Import took 0.040836 seconds .

========================================================================
Received Prepare
Registering precompiled user dll's ...
Registered in 0.007912 seconds.
Begin MonoManager ReloadAssembly
Native extension for WindowsStandalone target not found
Native extension for OSXStandalone target not found
Refreshing native plugins compatible for Editor in 1.70 ms, found 2 plugins.
Preloading 0 native plugins for Editor in 0.00 ms.
Mono: successfully reloaded assembly
- Completed reload, in  2.492 seconds
Platform modules already initialized, skipping
Refreshing native plugins compatible for Editor in 0.59 ms, found 2 plugins.
Preloading 0 native plugins for Editor in 0.00 ms.
Unloading 1649 Unused Serialized files (Serialized files now loaded: 0)
System memory in use before: 178.2 MB.
System memory in use after: 177.6 MB.

Unloading 32 unused Assets to reduce memory usage. Loaded Objects now: 2105.
Total: 5.861902 ms (FindLiveObjects: 0.264566 ms CreateObjectMapping: 0.089150 ms MarkObjects: 4.493416 ms  DeleteObjects: 1.012155 ms)

========================================================================
Received Prepare
Registering precompiled user dll's ...
Registered in 0.004055 seconds.
Begin MonoManager ReloadAssembly
Native extension for WindowsStandalone target not found
Native extension for OSXStandalone target not found
Refreshing native plugins compatible for Editor in 0.65 ms, found 2 plugins.
Preloading 0 native plugins for Editor in 0.00 ms.
Mono: successfully reloaded assembly
- Completed reload, in  1.821 seconds
Platform modules already initialized, skipping
Refreshing native plugins compatible for Editor in 0.65 ms, found 2 plugins.
Preloading 0 native plugins for Editor in 0.00 ms.
Unloading 1649 Unused Serialized files (Serialized files now loaded: 0)
System memory in use before: 178.4 MB.
System memory in use after: 177.8 MB.

Unloading 32 unused Assets to reduce memory usage. Loaded Objects now: 2109.
Total: 4.872649 ms (FindLiveObjects: 0.341917 ms CreateObjectMapping: 0.190784 ms MarkObjects: 3.300546 ms  DeleteObjects: 1.037451 ms)

========================================================================
Received Import Request.
  Time since last request: 844.112168 seconds.
  path: Assets/Scripts
  artifactKey: Guid(5d1ba25d1219c4eeab8ad6f75a0616f1) Importer(815301076,1909f56bfc062723c751e8b465ee728b)
Start importing Assets/Scripts using Guid(5d1ba25d1219c4eeab8ad6f75a0616f1) Importer(815301076,1909f56bfc062723c751e8b465ee728b)  -> (artifact id: 'a865cc12010cc6af6301736ed3ce2f8f') in 0.034001 seconds
  Import took 0.040098 seconds .

========================================================================
Received Import Request.
  Time since last request: 0.003003 seconds.
  path: Assets/Scripts
  artifactKey: Guid(5d1ba25d1219c4eeab8ad6f75a0616f1) Importer(815301076,1909f56bfc062723c751e8b465ee728b)
Start importing Assets/Scripts using Guid(5d1ba25d1219c4eeab8ad6f75a0616f1) Importer(815301076,1909f56bfc062723c751e8b465ee728b)  -> (artifact id: 'a865cc12010cc6af6301736ed3ce2f8f') in 0.003173 seconds
  Import took 0.016172 seconds .

========================================================================
Received Import Request.
  Time since last request: 11.659154 seconds.
  path: Assets/Scripts/MenuScene
  artifactKey: Guid(58dc20737a1a84f858396ef3cd4e0847) Importer(815301076,1909f56bfc062723c751e8b465ee728b)
Start importing Assets/Scripts/MenuScene using Guid(58dc20737a1a84f858396ef3cd4e0847) Importer(815301076,1909f56bfc062723c751e8b465ee728b)  -> (artifact id: 'b56f29cf4ab7e72f87e8be2563dfdb70') in 0.029522 seconds
  Import took 0.035564 seconds .

========================================================================
Received Import Request.
  Time since last request: 66.739388 seconds.
  path: Assets/Scripts/MenuScene/MenuButtons.cs
  artifactKey: Guid(88fec86cae0104fd9bf2c4de8812e9ce) Importer(815301076,1909f56bfc062723c751e8b465ee728b)
Start importing Assets/Scripts/MenuScene/MenuButtons.cs using Guid(88fec86cae0104fd9bf2c4de8812e9ce) Importer(815301076,1909f56bfc062723c751e8b465ee728b)  -> (artifact id: '01d55ef2c0a9212eea2981a24eef9253') in 6.414179 seconds
  Import took 6.419203 seconds .

========================================================================
Received Prepare
Registering precompiled user dll's ...
Registered in 0.003202 seconds.
Begin MonoManager ReloadAssembly
Native extension for WindowsStandalone target not found
Native extension for OSXStandalone target not found
Refreshing native plugins compatible for Editor in 0.55 ms, found 2 plugins.
Preloading 0 native plugins for Editor in 0.00 ms.
Mono: successfully reloaded assembly
- Completed reload, in  1.891 seconds
Platform modules already initialized, skipping
Refreshing native plugins compatible for Editor in 0.55 ms, found 2 plugins.
Preloading 0 native plugins for Editor in 0.00 ms.
Unloading 1650 Unused Serialized files (Serialized files now loaded: 0)
System memory in use before: 182.8 MB.
System memory in use after: 182.3 MB.

Unloading 32 unused Assets to reduce memory usage. Loaded Objects now: 2114.
Total: 3.607532 ms (FindLiveObjects: 0.324594 ms CreateObjectMapping: 0.236633 ms MarkObjects: 2.502303 ms  DeleteObjects: 0.542675 ms)

========================================================================
Received Prepare
Registering precompiled user dll's ...
Registered in 0.003329 seconds.
Begin MonoManager ReloadAssembly
Native extension for WindowsStandalone target not found
Native extension for OSXStandalone target not found
Refreshing native plugins compatible for Editor in 0.59 ms, found 2 plugins.
Preloading 0 native plugins for Editor in 0.00 ms.
Mono: successfully reloaded assembly
- Completed reload, in  2.044 seconds
Platform modules already initialized, skipping
Refreshing native plugins compatible for Editor in 0.65 ms, found 2 plugins.
Preloading 0 native plugins for Editor in 0.00 ms.
Unloading 1650 Unused Serialized files (Serialized files now loaded: 0)
System memory in use before: 183.0 MB.
System memory in use after: 182.4 MB.

Unloading 32 unused Assets to reduce memory usage. Loaded Objects now: 2118.
Total: 3.936829 ms (FindLiveObjects: 0.359390 ms CreateObjectMapping: 0.179675 ms MarkObjects: 2.794574 ms  DeleteObjects: 0.601669 ms)

========================================================================
Received Prepare
Registering precompiled user dll's ...
Registered in 0.003647 seconds.
Begin MonoManager ReloadAssembly
Native extension for WindowsStandalone target not found
Native extension for OSXStandalone target not found
Refreshing native plugins compatible for Editor in 0.57 ms, found 2 plugins.
Preloading 0 native plugins for Editor in 0.00 ms.
Mono: successfully reloaded assembly
- Completed reload, in  1.949 seconds
Platform modules already initialized, skipping
Refreshing native plugins compatible for Editor in 0.53 ms, found 2 plugins.
Preloading 0 native plugins for Editor in 0.00 ms.
Unloading 1650 Unused Serialized files (Serialized files now loaded: 0)
System memory in use before: 183.2 MB.
System memory in use after: 182.6 MB.

Unloading 32 unused Assets to reduce memory usage. Loaded Objects now: 2122.
Total: 3.602229 ms (FindLiveObjects: 0.303309 ms CreateObjectMapping: 0.162391 ms MarkObjects: 2.531728 ms  DeleteObjects: 0.603007 ms)

========================================================================
Received Prepare
Registering precompiled user dll's ...
Registered in 0.003190 seconds.
Begin MonoManager ReloadAssembly
Native extension for WindowsStandalone target not found
Native extension for OSXStandalone target not found
Refreshing native plugins compatible for Editor in 0.71 ms, found 2 plugins.
Preloading 0 native plugins for Editor in 0.00 ms.
Mono: successfully reloaded assembly
- Completed reload, in  2.019 seconds
Platform modules already initialized, skipping
Refreshing native plugins compatible for Editor in 0.55 ms, found 2 plugins.
Preloading 0 native plugins for Editor in 0.00 ms.
Unloading 1650 Unused Serialized files (Serialized files now loaded: 0)
System memory in use before: 183.3 MB.
System memory in use after: 182.8 MB.

Unloading 32 unused Assets to reduce memory usage. Loaded Objects now: 2126.
Total: 3.723751 ms (FindLiveObjects: 0.352356 ms CreateObjectMapping: 0.200264 ms MarkObjects: 2.605522 ms  DeleteObjects: 0.564131 ms)

========================================================================
Received Prepare
Registering precompiled user dll's ...
Registered in 0.003683 seconds.
Begin MonoManager ReloadAssembly
Native extension for WindowsStandalone target not found
Native extension for OSXStandalone target not found
Refreshing native plugins compatible for Editor in 0.93 ms, found 2 plugins.
Preloading 0 native plugins for Editor in 0.00 ms.
Mono: successfully reloaded assembly
- Completed reload, in  1.888 seconds
Platform modules already initialized, skipping
Refreshing native plugins compatible for Editor in 0.55 ms, found 2 plugins.
Preloading 0 native plugins for Editor in 0.00 ms.
Unloading 1650 Unused Serialized files (Serialized files now loaded: 0)
System memory in use before: 183.5 MB.
System memory in use after: 183.0 MB.

Unloading 32 unused Assets to reduce memory usage. Loaded Objects now: 2130.
Total: 3.701987 ms (FindLiveObjects: 0.456574 ms CreateObjectMapping: 0.176784 ms MarkObjects: 2.487853 ms  DeleteObjects: 0.578918 ms)

========================================================================
Received Prepare
Registering precompiled user dll's ...
Registered in 0.003291 seconds.
Begin MonoManager ReloadAssembly
Native extension for WindowsStandalone target not found
Native extension for OSXStandalone target not found
Refreshing native plugins compatible for Editor in 0.55 ms, found 2 plugins.
Preloading 0 native plugins for Editor in 0.00 ms.
Mono: successfully reloaded assembly
- Completed reload, in  2.020 seconds
Platform modules already initialized, skipping
Refreshing native plugins compatible for Editor in 0.55 ms, found 2 plugins.
Preloading 0 native plugins for Editor in 0.00 ms.
Unloading 1650 Unused Serialized files (Serialized files now loaded: 0)
System memory in use before: 183.7 MB.
System memory in use after: 183.2 MB.

Unloading 32 unused Assets to reduce memory usage. Loaded Objects now: 2134.
Total: 3.689037 ms (FindLiveObjects: 0.326760 ms CreateObjectMapping: 0.166632 ms MarkObjects: 2.622716 ms  DeleteObjects: 0.571332 ms)

========================================================================
Received Prepare
Registering precompiled user dll's ...
Registered in 0.003272 seconds.
Begin MonoManager ReloadAssembly
Native extension for WindowsStandalone target not found
Native extension for OSXStandalone target not found
Refreshing native plugins compatible for Editor in 0.70 ms, found 2 plugins.
Preloading 0 native plugins for Editor in 0.00 ms.
Mono: successfully reloaded assembly
- Completed reload, in  1.864 seconds
Platform modules already initialized, skipping
Refreshing native plugins compatible for Editor in 0.62 ms, found 2 plugins.
Preloading 0 native plugins for Editor in 0.00 ms.
Unloading 1650 Unused Serialized files (Serialized files now loaded: 0)
System memory in use before: 183.9 MB.
System memory in use after: 183.4 MB.

Unloading 32 unused Assets to reduce memory usage. Loaded Objects now: 2138.
Total: 3.187661 ms (FindLiveObjects: 0.231973 ms CreateObjectMapping: 0.074925 ms MarkObjects: 2.251040 ms  DeleteObjects: 0.628305 ms)

========================================================================
Received Prepare
Registering precompiled user dll's ...
Registered in 0.004365 seconds.
Begin MonoManager ReloadAssembly
Native extension for WindowsStandalone target not found
Native extension for OSXStandalone target not found
Refreshing native plugins compatible for Editor in 0.62 ms, found 2 plugins.
Preloading 0 native plugins for Editor in 0.00 ms.
Mono: successfully reloaded assembly
- Completed reload, in  1.903 seconds
Platform modules already initialized, skipping
Refreshing native plugins compatible for Editor in 0.67 ms, found 2 plugins.
Preloading 0 native plugins for Editor in 0.00 ms.
Unloading 1650 Unused Serialized files (Serialized files now loaded: 0)
System memory in use before: 184.1 MB.
System memory in use after: 183.5 MB.

Unloading 32 unused Assets to reduce memory usage. Loaded Objects now: 2142.
Total: 3.848236 ms (FindLiveObjects: 0.328842 ms CreateObjectMapping: 0.175979 ms MarkObjects: 2.718478 ms  DeleteObjects: 0.623305 ms)

========================================================================
Received Prepare
Registering precompiled user dll's ...
Registered in 0.003463 seconds.
Begin MonoManager ReloadAssembly
Native extension for WindowsStandalone target not found
Native extension for OSXStandalone target not found
Refreshing native plugins compatible for Editor in 0.61 ms, found 2 plugins.
Preloading 0 native plugins for Editor in 0.00 ms.
Mono: successfully reloaded assembly
- Completed reload, in  1.924 seconds
Platform modules already initialized, skipping
Refreshing native plugins compatible for Editor in 0.55 ms, found 2 plugins.
Preloading 0 native plugins for Editor in 0.00 ms.
Unloading 1650 Unused Serialized files (Serialized files now loaded: 0)
System memory in use before: 184.3 MB.
System memory in use after: 183.7 MB.

Unloading 32 unused Assets to reduce memory usage. Loaded Objects now: 2146.
Total: 3.729388 ms (FindLiveObjects: 0.379583 ms CreateObjectMapping: 0.249197 ms MarkObjects: 2.526538 ms  DeleteObjects: 0.572365 ms)

