Using pre-set license

 COMMAND LINE ARGUMENTS:
/Users/tiyani/Documents/Unity bestanden/2020.3.10f1/Unity.app/Contents/MacOS/Unity
-adb2
-batchMode
-noUpm
-name
AssetImportWorker0
-projectPath
/Users/tiyani/Documents/Github/Applied/Sintscape
-logFile
Logs/AssetImportWorker0.log
-srvPort
61387
Successfully changed project path to: /Users/tiyani/Documents/Github/Applied/Sintscape
/Users/tiyani/Documents/Github/Applied/Sintscape
Using Asset Import Pipeline V2.
Refreshing native plugins compatible for Editor in 72.20 ms, found 2 plugins.
Preloading 0 native plugins for Editor in 0.00 ms.
Initialize engine version: 2020.3.10f1 (297d780c91bc)
[Subsystems] Discovering subsystems at path /Users/tiyani/Documents/Unity bestanden/2020.3.10f1/Unity.app/Contents/Resources/UnitySubsystems
[Subsystems] Discovering subsystems at path /Users/tiyani/Documents/Github/Applied/Sintscape/Assets
GfxDevice: creating device client; threaded=0
2021-06-04 19:12:30.333 Unity[5663:87450] 43UHD_LCD_TV preferred device: Intel HD Graphics 4000 (low power)
2021-06-04 19:12:30.333 Unity[5663:87450] Metal devices available: 1
2021-06-04 19:12:30.333 Unity[5663:87450] 0: Intel HD Graphics 4000 (low power)
2021-06-04 19:12:30.333 Unity[5663:87450] Using device Intel HD Graphics 4000 (low power)
Initializing Metal device caps: Intel HD Graphics 4000
Initialize mono
Mono path[0] = '/Users/tiyani/Documents/Unity bestanden/2020.3.10f1/Unity.app/Contents/Managed'
Mono path[1] = '/Users/tiyani/Documents/Unity bestanden/2020.3.10f1/Unity.app/Contents/MonoBleedingEdge/lib/mono/unityjit'
Mono config path = '/Users/tiyani/Documents/Unity bestanden/2020.3.10f1/Unity.app/Contents/MonoBleedingEdge/etc'
Using monoOptions --debugger-agent=transport=dt_socket,embedding=1,server=y,suspend=n,address=127.0.0.1:56663
Begin MonoManager ReloadAssembly
Registering precompiled unity dll's ...
Register platform support module: /Users/tiyani/Documents/Unity bestanden/2020.3.10f1/Unity.app/Contents/PlaybackEngines/MacStandaloneSupport/UnityEditor.OSXStandalone.Extensions.dll
Register platform support module: /Users/tiyani/Documents/Unity bestanden/2020.3.10f1/PlaybackEngines/WindowsStandaloneSupport/UnityEditor.WindowsStandalone.Extensions.dll
Registered in 0.002113 seconds.
Native extension for WindowsStandalone target not found
Native extension for OSXStandalone target not found
Refreshing native plugins compatible for Editor in 96.01 ms, found 2 plugins.
Preloading 0 native plugins for Editor in 0.00 ms.
Mono: successfully reloaded assembly
- Completed reload, in  4.368 seconds
Platform modules already initialized, skipping
Registering precompiled user dll's ...
Registered in 0.007239 seconds.
Begin MonoManager ReloadAssembly
Native extension for WindowsStandalone target not found
Native extension for OSXStandalone target not found
Refreshing native plugins compatible for Editor in 0.56 ms, found 2 plugins.
Preloading 0 native plugins for Editor in 0.00 ms.
Mono: successfully reloaded assembly
- Completed reload, in  2.613 seconds
Platform modules already initialized, skipping
========================================================================
Worker process is ready to serve import requests
Launching external process: /Users/tiyani/Documents/Unity bestanden/2020.3.10f1/Unity.app/Contents/Tools/UnityShaderCompiler
Launched and connected shader compiler UnityShaderCompiler after 0.02 seconds
Refreshing native plugins compatible for Editor in 0.54 ms, found 2 plugins.
Preloading 0 native plugins for Editor in 0.00 ms.
Unloading 1657 Unused Serialized files (Serialized files now loaded: 0)
System memory in use before: 150.1 MB.
System memory in use after: 150.1 MB.

Unloading 25 unused Assets to reduce memory usage. Loaded Objects now: 2089.
Total: 4.259111 ms (FindLiveObjects: 0.595408 ms CreateObjectMapping: 0.152771 ms MarkObjects: 3.306880 ms  DeleteObjects: 0.202065 ms)

========================================================================
Received Import Request.
  path: Assets/Scripts/MenuScene/MenuButtons.cs
  artifactKey: Guid(88fec86cae0104fd9bf2c4de8812e9ce) Importer(815301076,1909f56bfc062723c751e8b465ee728b)
Start importing Assets/Scripts/MenuScene/MenuButtons.cs using Guid(88fec86cae0104fd9bf2c4de8812e9ce) Importer(815301076,1909f56bfc062723c751e8b465ee728b)  -> (artifact id: '220f05adf14686a65edc332742da57bb') in 1.586085 seconds
  Import took 1.592342 seconds .

========================================================================
Received Import Request.
  Time since last request: 0.000661 seconds.
  path: Assets/Scripts/ConnectToServer.cs
  artifactKey: Guid(c8cfacdcc69b64170bc7841143ef5f48) Importer(815301076,1909f56bfc062723c751e8b465ee728b)
Start importing Assets/Scripts/ConnectToServer.cs using Guid(c8cfacdcc69b64170bc7841143ef5f48) Importer(815301076,1909f56bfc062723c751e8b465ee728b)  -> (artifact id: '01519877ea109aaabc63085bf72f49c1') in 0.003513 seconds
  Import took 0.010102 seconds .

========================================================================
Received Prepare
Registering precompiled user dll's ...
Registered in 0.003602 seconds.
Begin MonoManager ReloadAssembly
Native extension for WindowsStandalone target not found
Native extension for OSXStandalone target not found
Refreshing native plugins compatible for Editor in 0.55 ms, found 2 plugins.
Preloading 0 native plugins for Editor in 0.00 ms.
Mono: successfully reloaded assembly
- Completed reload, in  2.035 seconds
Platform modules already initialized, skipping
Refreshing native plugins compatible for Editor in 0.53 ms, found 2 plugins.
Preloading 0 native plugins for Editor in 0.00 ms.
Unloading 1638 Unused Serialized files (Serialized files now loaded: 0)
System memory in use before: 153.2 MB.
System memory in use after: 153.3 MB.

Unloading 19 unused Assets to reduce memory usage. Loaded Objects now: 2093.
Total: 3.127762 ms (FindLiveObjects: 0.288219 ms CreateObjectMapping: 0.087672 ms MarkObjects: 2.640127 ms  DeleteObjects: 0.109851 ms)

========================================================================
Received Prepare
Registering precompiled user dll's ...
Registered in 0.004554 seconds.
Begin MonoManager ReloadAssembly
Native extension for WindowsStandalone target not found
Native extension for OSXStandalone target not found
Refreshing native plugins compatible for Editor in 0.92 ms, found 2 plugins.
Preloading 0 native plugins for Editor in 0.00 ms.
Mono: successfully reloaded assembly
- Completed reload, in  2.081 seconds
Platform modules already initialized, skipping
Refreshing native plugins compatible for Editor in 0.68 ms, found 2 plugins.
Preloading 0 native plugins for Editor in 0.00 ms.
Unloading 1638 Unused Serialized files (Serialized files now loaded: 0)
System memory in use before: 153.4 MB.
System memory in use after: 153.5 MB.

Unloading 19 unused Assets to reduce memory usage. Loaded Objects now: 2097.
Total: 2.711796 ms (FindLiveObjects: 0.230365 ms CreateObjectMapping: 0.075695 ms MarkObjects: 2.320262 ms  DeleteObjects: 0.083914 ms)

========================================================================
Received Prepare
Registering precompiled user dll's ...
Registered in 0.004797 seconds.
Begin MonoManager ReloadAssembly
Native extension for WindowsStandalone target not found
Native extension for OSXStandalone target not found
Refreshing native plugins compatible for Editor in 0.56 ms, found 2 plugins.
Preloading 0 native plugins for Editor in 0.00 ms.
Mono: successfully reloaded assembly
- Completed reload, in  1.891 seconds
Platform modules already initialized, skipping
Refreshing native plugins compatible for Editor in 0.53 ms, found 2 plugins.
Preloading 0 native plugins for Editor in 0.00 ms.
Unloading 1638 Unused Serialized files (Serialized files now loaded: 0)
System memory in use before: 153.6 MB.
System memory in use after: 153.7 MB.

Unloading 19 unused Assets to reduce memory usage. Loaded Objects now: 2101.
Total: 3.189664 ms (FindLiveObjects: 0.294911 ms CreateObjectMapping: 0.164148 ms MarkObjects: 2.648426 ms  DeleteObjects: 0.080849 ms)

========================================================================
Received Prepare
Registering precompiled user dll's ...
Registered in 0.003232 seconds.
Begin MonoManager ReloadAssembly
Native extension for WindowsStandalone target not found
Native extension for OSXStandalone target not found
Refreshing native plugins compatible for Editor in 0.55 ms, found 2 plugins.
Preloading 0 native plugins for Editor in 0.00 ms.
Mono: successfully reloaded assembly
- Completed reload, in  1.965 seconds
Platform modules already initialized, skipping
Refreshing native plugins compatible for Editor in 0.66 ms, found 2 plugins.
Preloading 0 native plugins for Editor in 0.00 ms.
Unloading 1638 Unused Serialized files (Serialized files now loaded: 0)
System memory in use before: 153.8 MB.
System memory in use after: 153.9 MB.

Unloading 19 unused Assets to reduce memory usage. Loaded Objects now: 2105.
Total: 3.148880 ms (FindLiveObjects: 0.295041 ms CreateObjectMapping: 0.160869 ms MarkObjects: 2.602888 ms  DeleteObjects: 0.088313 ms)

========================================================================
Received Prepare
Registering precompiled user dll's ...
Registered in 0.004725 seconds.
Begin MonoManager ReloadAssembly
Native extension for WindowsStandalone target not found
Native extension for OSXStandalone target not found
Refreshing native plugins compatible for Editor in 0.65 ms, found 2 plugins.
Preloading 0 native plugins for Editor in 0.00 ms.
Mono: successfully reloaded assembly
- Completed reload, in  1.911 seconds
Platform modules already initialized, skipping
Refreshing native plugins compatible for Editor in 0.52 ms, found 2 plugins.
Preloading 0 native plugins for Editor in 0.00 ms.
Unloading 1638 Unused Serialized files (Serialized files now loaded: 0)
System memory in use before: 154.0 MB.
System memory in use after: 154.1 MB.

Unloading 19 unused Assets to reduce memory usage. Loaded Objects now: 2109.
Total: 2.612924 ms (FindLiveObjects: 0.233763 ms CreateObjectMapping: 0.070065 ms MarkObjects: 2.220483 ms  DeleteObjects: 0.087191 ms)

========================================================================
Received Import Request.
  Time since last request: 898.686610 seconds.
  path: Assets/Scenes/Loading.unity
  artifactKey: Guid(2525174c7a42e44eb945099767deb48c) Importer(815301076,1909f56bfc062723c751e8b465ee728b)
Start importing Assets/Scenes/Loading.unity using Guid(2525174c7a42e44eb945099767deb48c) Importer(815301076,1909f56bfc062723c751e8b465ee728b)  -> (artifact id: 'b695cc49649205ab7193c1be9377f042') in 0.035693 seconds
  Import took 0.048958 seconds .

========================================================================
Received Import Request.
  Time since last request: 79.136193 seconds.
  path: Assets/Scenes/Menu.unity
  artifactKey: Guid(94065ce8ef3e04282bdb30e2a8d38aaf) Importer(815301076,1909f56bfc062723c751e8b465ee728b)
Start importing Assets/Scenes/Menu.unity using Guid(94065ce8ef3e04282bdb30e2a8d38aaf) Importer(815301076,1909f56bfc062723c751e8b465ee728b)  -> (artifact id: '50fafd46df2557030743dfd04143468b') in 0.004772 seconds
  Import took 0.010597 seconds .

========================================================================
Received Import Request.
  Time since last request: 47.250425 seconds.
  path: Assets/Scenes/Loading.unity
  artifactKey: Guid(2525174c7a42e44eb945099767deb48c) Importer(815301076,1909f56bfc062723c751e8b465ee728b)
Start importing Assets/Scenes/Loading.unity using Guid(2525174c7a42e44eb945099767deb48c) Importer(815301076,1909f56bfc062723c751e8b465ee728b)  -> (artifact id: 'e229269b8e1c9634842d3f6802c15fd1') in 0.005076 seconds
  Import took 0.009822 seconds .

========================================================================
Received Import Request.
  Time since last request: 24.841809 seconds.
  path: Assets/Scenes/Menu.unity
  artifactKey: Guid(94065ce8ef3e04282bdb30e2a8d38aaf) Importer(815301076,1909f56bfc062723c751e8b465ee728b)
Start importing Assets/Scenes/Menu.unity using Guid(94065ce8ef3e04282bdb30e2a8d38aaf) Importer(815301076,1909f56bfc062723c751e8b465ee728b)  -> (artifact id: 'ad72395b69be1307274636ac3ecfe559') in 0.005790 seconds
  Import took 0.011272 seconds .

========================================================================
Received Prepare
Registering precompiled user dll's ...
Registered in 0.005300 seconds.
Begin MonoManager ReloadAssembly
Native extension for WindowsStandalone target not found
Native extension for OSXStandalone target not found
Refreshing native plugins compatible for Editor in 0.53 ms, found 2 plugins.
Preloading 0 native plugins for Editor in 0.00 ms.
Mono: successfully reloaded assembly
- Completed reload, in  1.887 seconds
Platform modules already initialized, skipping
Refreshing native plugins compatible for Editor in 0.53 ms, found 2 plugins.
Preloading 0 native plugins for Editor in 0.00 ms.
Unloading 1638 Unused Serialized files (Serialized files now loaded: 0)
System memory in use before: 154.1 MB.
System memory in use after: 154.2 MB.

Unloading 19 unused Assets to reduce memory usage. Loaded Objects now: 2113.
Total: 2.518039 ms (FindLiveObjects: 0.230023 ms CreateObjectMapping: 0.070676 ms MarkObjects: 2.134539 ms  DeleteObjects: 0.081161 ms)

========================================================================
Received Import Request.
  Time since last request: 59.125221 seconds.
  path: Assets/Scenes/Loading.unity
  artifactKey: Guid(2525174c7a42e44eb945099767deb48c) Importer(815301076,1909f56bfc062723c751e8b465ee728b)
Start importing Assets/Scenes/Loading.unity using Guid(2525174c7a42e44eb945099767deb48c) Importer(815301076,1909f56bfc062723c751e8b465ee728b)  -> (artifact id: '3c8ce4509a65321c1d7b7c34d5f6d04b') in 0.016478 seconds
  Import took 0.020263 seconds .

========================================================================
Received Import Request.
  Time since last request: 0.006330 seconds.
  path: Assets/Scenes/Loading.unity
  artifactKey: Guid(2525174c7a42e44eb945099767deb48c) Importer(815301076,1909f56bfc062723c751e8b465ee728b)
Start importing Assets/Scenes/Loading.unity using Guid(2525174c7a42e44eb945099767deb48c) Importer(815301076,1909f56bfc062723c751e8b465ee728b)  -> (artifact id: '3c8ce4509a65321c1d7b7c34d5f6d04b') in 0.002053 seconds
  Import took 0.006996 seconds .

========================================================================
Received Prepare
Registering precompiled user dll's ...
Registered in 0.005124 seconds.
Begin MonoManager ReloadAssembly
Native extension for WindowsStandalone target not found
Native extension for OSXStandalone target not found
Refreshing native plugins compatible for Editor in 0.54 ms, found 2 plugins.
Preloading 0 native plugins for Editor in 0.00 ms.
Mono: successfully reloaded assembly
- Completed reload, in  2.031 seconds
Platform modules already initialized, skipping
Refreshing native plugins compatible for Editor in 0.54 ms, found 2 plugins.
Preloading 0 native plugins for Editor in 0.00 ms.
Unloading 1638 Unused Serialized files (Serialized files now loaded: 0)
System memory in use before: 154.3 MB.
System memory in use after: 154.4 MB.

Unloading 19 unused Assets to reduce memory usage. Loaded Objects now: 2117.
Total: 2.651227 ms (FindLiveObjects: 0.232772 ms CreateObjectMapping: 0.072241 ms MarkObjects: 2.262635 ms  DeleteObjects: 0.082139 ms)

========================================================================
Received Prepare
Registering precompiled user dll's ...
Registered in 0.003500 seconds.
Begin MonoManager ReloadAssembly
Native extension for WindowsStandalone target not found
Native extension for OSXStandalone target not found
Refreshing native plugins compatible for Editor in 0.55 ms, found 2 plugins.
Preloading 0 native plugins for Editor in 0.00 ms.
Mono: successfully reloaded assembly
- Completed reload, in  1.926 seconds
Platform modules already initialized, skipping
Refreshing native plugins compatible for Editor in 0.56 ms, found 2 plugins.
Preloading 0 native plugins for Editor in 0.00 ms.
Unloading 1638 Unused Serialized files (Serialized files now loaded: 0)
System memory in use before: 154.5 MB.
System memory in use after: 154.6 MB.

Unloading 19 unused Assets to reduce memory usage. Loaded Objects now: 2121.
Total: 2.833305 ms (FindLiveObjects: 0.300066 ms CreateObjectMapping: 0.154794 ms MarkObjects: 2.286855 ms  DeleteObjects: 0.090079 ms)

========================================================================
Received Prepare
Registering precompiled user dll's ...
Registered in 0.006059 seconds.
Begin MonoManager ReloadAssembly
Native extension for WindowsStandalone target not found
Native extension for OSXStandalone target not found
Refreshing native plugins compatible for Editor in 0.61 ms, found 2 plugins.
Preloading 0 native plugins for Editor in 0.00 ms.
Mono: successfully reloaded assembly
- Completed reload, in  2.226 seconds
Platform modules already initialized, skipping
Refreshing native plugins compatible for Editor in 0.52 ms, found 2 plugins.
Preloading 0 native plugins for Editor in 0.00 ms.
Unloading 1638 Unused Serialized files (Serialized files now loaded: 0)
System memory in use before: 154.7 MB.
System memory in use after: 154.8 MB.

Unloading 19 unused Assets to reduce memory usage. Loaded Objects now: 2125.
Total: 2.586268 ms (FindLiveObjects: 0.231534 ms CreateObjectMapping: 0.071716 ms MarkObjects: 2.197709 ms  DeleteObjects: 0.083833 ms)

========================================================================
Received Prepare
Registering precompiled user dll's ...
Registered in 0.003212 seconds.
Begin MonoManager ReloadAssembly
Native extension for WindowsStandalone target not found
Native extension for OSXStandalone target not found
Refreshing native plugins compatible for Editor in 0.54 ms, found 2 plugins.
Preloading 0 native plugins for Editor in 0.00 ms.
Mono: successfully reloaded assembly
- Completed reload, in  1.887 seconds
Platform modules already initialized, skipping
Refreshing native plugins compatible for Editor in 0.53 ms, found 2 plugins.
Preloading 0 native plugins for Editor in 0.00 ms.
Unloading 1638 Unused Serialized files (Serialized files now loaded: 0)
System memory in use before: 154.9 MB.
System memory in use after: 155.0 MB.

Unloading 19 unused Assets to reduce memory usage. Loaded Objects now: 2129.
Total: 2.709692 ms (FindLiveObjects: 0.240151 ms CreateObjectMapping: 0.076683 ms MarkObjects: 2.305760 ms  DeleteObjects: 0.085452 ms)

========================================================================
Received Prepare
Registering precompiled user dll's ...
Registered in 0.003759 seconds.
Begin MonoManager ReloadAssembly
Native extension for WindowsStandalone target not found
Native extension for OSXStandalone target not found
Refreshing native plugins compatible for Editor in 0.62 ms, found 2 plugins.
Preloading 0 native plugins for Editor in 0.00 ms.
Mono: successfully reloaded assembly
- Completed reload, in  2.570 seconds
Platform modules already initialized, skipping
Refreshing native plugins compatible for Editor in 0.53 ms, found 2 plugins.
Preloading 0 native plugins for Editor in 0.00 ms.
Unloading 1638 Unused Serialized files (Serialized files now loaded: 0)
System memory in use before: 155.1 MB.
System memory in use after: 155.1 MB.

Unloading 19 unused Assets to reduce memory usage. Loaded Objects now: 2133.
Total: 2.533945 ms (FindLiveObjects: 0.234331 ms CreateObjectMapping: 0.072000 ms MarkObjects: 2.134483 ms  DeleteObjects: 0.091888 ms)

========================================================================
Received Prepare
Registering precompiled user dll's ...
Registered in 0.003660 seconds.
Begin MonoManager ReloadAssembly
Native extension for WindowsStandalone target not found
Native extension for OSXStandalone target not found
Refreshing native plugins compatible for Editor in 1.00 ms, found 2 plugins.
Preloading 0 native plugins for Editor in 0.00 ms.
Mono: successfully reloaded assembly
- Completed reload, in  2.077 seconds
Platform modules already initialized, skipping
Refreshing native plugins compatible for Editor in 0.53 ms, found 2 plugins.
Preloading 0 native plugins for Editor in 0.00 ms.
Unloading 1638 Unused Serialized files (Serialized files now loaded: 0)
System memory in use before: 155.3 MB.
System memory in use after: 155.3 MB.

Unloading 19 unused Assets to reduce memory usage. Loaded Objects now: 2137.
Total: 2.677174 ms (FindLiveObjects: 0.232986 ms CreateObjectMapping: 0.073483 ms MarkObjects: 2.287420 ms  DeleteObjects: 0.081587 ms)

========================================================================
Received Prepare
Registering precompiled user dll's ...
Registered in 0.004634 seconds.
Begin MonoManager ReloadAssembly
Native extension for WindowsStandalone target not found
Native extension for OSXStandalone target not found
Refreshing native plugins compatible for Editor in 0.53 ms, found 2 plugins.
Preloading 0 native plugins for Editor in 0.00 ms.
Mono: successfully reloaded assembly
- Completed reload, in  1.800 seconds
Platform modules already initialized, skipping
Refreshing native plugins compatible for Editor in 0.66 ms, found 2 plugins.
Preloading 0 native plugins for Editor in 0.00 ms.
Unloading 1638 Unused Serialized files (Serialized files now loaded: 0)
System memory in use before: 155.4 MB.
System memory in use after: 155.5 MB.

Unloading 19 unused Assets to reduce memory usage. Loaded Objects now: 2141.
Total: 2.630725 ms (FindLiveObjects: 0.234468 ms CreateObjectMapping: 0.072007 ms MarkObjects: 2.227523 ms  DeleteObjects: 0.094949 ms)

========================================================================
Received Import Request.
  Time since last request: 6299.600959 seconds.
  path: Assets/Photon/PhotonUnityNetworking/Demos/PunBasics-Tutorial
  artifactKey: Guid(6f09d91478c1216438bf6766ec098a5d) Importer(815301076,1909f56bfc062723c751e8b465ee728b)
Start importing Assets/Photon/PhotonUnityNetworking/Demos/PunBasics-Tutorial using Guid(6f09d91478c1216438bf6766ec098a5d) Importer(815301076,1909f56bfc062723c751e8b465ee728b)  -> (artifact id: 'c3fac38b2d2eb014927a1d2353a1d914') in 0.008174 seconds
  Import took 0.051056 seconds .

========================================================================
Received Import Request.
  Time since last request: 5.855123 seconds.
  path: Assets/Photon/PhotonUnityNetworking/Demos/PunBasics-Tutorial/Scenes
  artifactKey: Guid(c2e133c321fc868409cc3a12da290c3a) Importer(815301076,1909f56bfc062723c751e8b465ee728b)
Start importing Assets/Photon/PhotonUnityNetworking/Demos/PunBasics-Tutorial/Scenes using Guid(c2e133c321fc868409cc3a12da290c3a) Importer(815301076,1909f56bfc062723c751e8b465ee728b)  -> (artifact id: 'a526a986da4df186b6d7e031dff1f55a') in 0.002423 seconds
  Import took 0.008424 seconds .

========================================================================
Received Import Request.
  Time since last request: 1.585473 seconds.
  path: Assets/Photon/PhotonUnityNetworking/Demos/PunBasics-Tutorial/Scenes/PunBasics-Room for 4.unity
  artifactKey: Guid(e7a7f9734636d415ca84ef3aaf7680f6) Importer(815301076,1909f56bfc062723c751e8b465ee728b)
Start importing Assets/Photon/PhotonUnityNetworking/Demos/PunBasics-Tutorial/Scenes/PunBasics-Room for 4.unity using Guid(e7a7f9734636d415ca84ef3aaf7680f6) Importer(815301076,1909f56bfc062723c751e8b465ee728b)  -> (artifact id: '2122f72cc02536a99cc0a8702f926126') in 0.025656 seconds
  Import took 0.042461 seconds .

========================================================================
Received Import Request.
  Time since last request: 0.001761 seconds.
  path: Assets/Photon/PhotonUnityNetworking/Demos/PunBasics-Tutorial/Scenes/PunBasics-Room for 4.unity
  artifactKey: Guid(e7a7f9734636d415ca84ef3aaf7680f6) Importer(815301076,1909f56bfc062723c751e8b465ee728b)
Start importing Assets/Photon/PhotonUnityNetworking/Demos/PunBasics-Tutorial/Scenes/PunBasics-Room for 4.unity using Guid(e7a7f9734636d415ca84ef3aaf7680f6) Importer(815301076,1909f56bfc062723c751e8b465ee728b)  -> (artifact id: '2122f72cc02536a99cc0a8702f926126') in 0.002612 seconds
  Import took 0.008433 seconds .

========================================================================
Received Import Request.
  Time since last request: 7.644638 seconds.
  path: Assets/Photon/PhotonUnityNetworking/Demos/PunBasics-Tutorial/Scenes/PunBasics-Room for 3.unity
  artifactKey: Guid(e07afcca5bf1a41f5bd28f498656b7b8) Importer(815301076,1909f56bfc062723c751e8b465ee728b)
Start importing Assets/Photon/PhotonUnityNetworking/Demos/PunBasics-Tutorial/Scenes/PunBasics-Room for 3.unity using Guid(e07afcca5bf1a41f5bd28f498656b7b8) Importer(815301076,1909f56bfc062723c751e8b465ee728b)  -> (artifact id: '0b9632a76fa1d49d067b2b1f4adb77e2') in 0.003081 seconds
  Import took 0.008560 seconds .

========================================================================
Received Import Request.
  Time since last request: 1.307939 seconds.
  path: Assets/Photon/PhotonUnityNetworking/Demos/PunBasics-Tutorial/Scenes/PunBasics-Room for 2.unity
  artifactKey: Guid(764428c63577f4580af4ce54ca9f4b1b) Importer(815301076,1909f56bfc062723c751e8b465ee728b)
Start importing Assets/Photon/PhotonUnityNetworking/Demos/PunBasics-Tutorial/Scenes/PunBasics-Room for 2.unity using Guid(764428c63577f4580af4ce54ca9f4b1b) Importer(815301076,1909f56bfc062723c751e8b465ee728b)  -> (artifact id: 'bcab0027fae027951b2a6d53a3962587') in 0.003028 seconds
  Import took 0.015078 seconds .

========================================================================
Received Import Request.
  Time since last request: 0.445532 seconds.
  path: Assets/Photon/PhotonUnityNetworking/Demos/PunBasics-Tutorial/Scenes/PunBasics-Room for 1.unity
  artifactKey: Guid(9b8561c6e396849a5ba48c3eb9524049) Importer(815301076,1909f56bfc062723c751e8b465ee728b)
Start importing Assets/Photon/PhotonUnityNetworking/Demos/PunBasics-Tutorial/Scenes/PunBasics-Room for 1.unity using Guid(9b8561c6e396849a5ba48c3eb9524049) Importer(815301076,1909f56bfc062723c751e8b465ee728b)  -> (artifact id: '7ec537da08b3a92634c464f58064021f') in 0.003447 seconds
  Import took 0.009088 seconds .

========================================================================
Received Import Request.
  Time since last request: 1.161725 seconds.
  path: Assets/Photon/PhotonUnityNetworking/Demos/PunBasics-Tutorial/Scenes/PunBasics-Launcher.unity
  artifactKey: Guid(bff77b01b50254edbb6edeeaba5ae8b3) Importer(815301076,1909f56bfc062723c751e8b465ee728b)
Start importing Assets/Photon/PhotonUnityNetworking/Demos/PunBasics-Tutorial/Scenes/PunBasics-Launcher.unity using Guid(bff77b01b50254edbb6edeeaba5ae8b3) Importer(815301076,1909f56bfc062723c751e8b465ee728b)  -> (artifact id: 'c80f7f6f7146cef85d587e95f8d119eb') in 0.004429 seconds
  Import took 0.009453 seconds .

========================================================================
Received Prepare
Registering precompiled user dll's ...
Registered in 0.004003 seconds.
Begin MonoManager ReloadAssembly
Native extension for WindowsStandalone target not found
Native extension for OSXStandalone target not found
Refreshing native plugins compatible for Editor in 0.86 ms, found 2 plugins.
Preloading 0 native plugins for Editor in 0.00 ms.
Mono: successfully reloaded assembly
- Completed reload, in  2.438 seconds
Platform modules already initialized, skipping
Refreshing native plugins compatible for Editor in 0.67 ms, found 2 plugins.
Preloading 0 native plugins for Editor in 0.00 ms.
Unloading 1638 Unused Serialized files (Serialized files now loaded: 0)
System memory in use before: 155.7 MB.
System memory in use after: 155.8 MB.

Unloading 19 unused Assets to reduce memory usage. Loaded Objects now: 2145.
Total: 3.755373 ms (FindLiveObjects: 0.482110 ms CreateObjectMapping: 0.134833 ms MarkObjects: 3.025180 ms  DeleteObjects: 0.110985 ms)

========================================================================
Received Prepare
Registering precompiled user dll's ...
Registered in 0.005055 seconds.
Begin MonoManager ReloadAssembly
Native extension for WindowsStandalone target not found
Native extension for OSXStandalone target not found
Refreshing native plugins compatible for Editor in 0.53 ms, found 2 plugins.
Preloading 0 native plugins for Editor in 0.00 ms.
Mono: successfully reloaded assembly
- Completed reload, in  1.945 seconds
Platform modules already initialized, skipping
Refreshing native plugins compatible for Editor in 0.64 ms, found 2 plugins.
Preloading 0 native plugins for Editor in 0.00 ms.
Unloading 1638 Unused Serialized files (Serialized files now loaded: 0)
System memory in use before: 155.9 MB.
System memory in use after: 156.0 MB.

Unloading 19 unused Assets to reduce memory usage. Loaded Objects now: 2149.
Total: 2.766032 ms (FindLiveObjects: 0.243264 ms CreateObjectMapping: 0.078643 ms MarkObjects: 2.354975 ms  DeleteObjects: 0.087507 ms)

========================================================================
Received Prepare
Registering precompiled user dll's ...
Registered in 0.003180 seconds.
Begin MonoManager ReloadAssembly
Native extension for WindowsStandalone target not found
Native extension for OSXStandalone target not found
Refreshing native plugins compatible for Editor in 0.55 ms, found 2 plugins.
Preloading 0 native plugins for Editor in 0.00 ms.
Mono: successfully reloaded assembly
- Completed reload, in  1.860 seconds
Platform modules already initialized, skipping
Refreshing native plugins compatible for Editor in 0.55 ms, found 2 plugins.
Preloading 0 native plugins for Editor in 0.00 ms.
Unloading 1638 Unused Serialized files (Serialized files now loaded: 0)
System memory in use before: 156.1 MB.
System memory in use after: 156.1 MB.

Unloading 19 unused Assets to reduce memory usage. Loaded Objects now: 2153.
Total: 2.714409 ms (FindLiveObjects: 0.250538 ms CreateObjectMapping: 0.092127 ms MarkObjects: 2.284571 ms  DeleteObjects: 0.085245 ms)

========================================================================
Received Import Request.
  Time since last request: 904.223451 seconds.
  path: Assets/Scenes/Loading.unity
  artifactKey: Guid(2525174c7a42e44eb945099767deb48c) Importer(815301076,1909f56bfc062723c751e8b465ee728b)
Start importing Assets/Scenes/Loading.unity using Guid(2525174c7a42e44eb945099767deb48c) Importer(815301076,1909f56bfc062723c751e8b465ee728b)  -> (artifact id: '71734e54360db2f51ad0332c05d9e759') in 0.021894 seconds
  Import took 0.027101 seconds .

========================================================================
Received Import Request.
  Time since last request: 38.990604 seconds.
  path: Assets/Scenes/Menu.unity
  artifactKey: Guid(94065ce8ef3e04282bdb30e2a8d38aaf) Importer(815301076,1909f56bfc062723c751e8b465ee728b)
Start importing Assets/Scenes/Menu.unity using Guid(94065ce8ef3e04282bdb30e2a8d38aaf) Importer(815301076,1909f56bfc062723c751e8b465ee728b)  -> (artifact id: 'cdc50d6909a02b646d283e2304efa077') in 0.003315 seconds
  Import took 0.010409 seconds .

========================================================================
Received Prepare
Registering precompiled user dll's ...
Registered in 0.009676 seconds.
Begin MonoManager ReloadAssembly
Native extension for WindowsStandalone target not found
Native extension for OSXStandalone target not found
Refreshing native plugins compatible for Editor in 0.52 ms, found 2 plugins.
Preloading 0 native plugins for Editor in 0.00 ms.
Mono: successfully reloaded assembly
- Completed reload, in  1.803 seconds
Platform modules already initialized, skipping
Refreshing native plugins compatible for Editor in 0.54 ms, found 2 plugins.
Preloading 0 native plugins for Editor in 0.00 ms.
Unloading 1638 Unused Serialized files (Serialized files now loaded: 0)
System memory in use before: 156.3 MB.
System memory in use after: 156.3 MB.

Unloading 19 unused Assets to reduce memory usage. Loaded Objects now: 2157.
Total: 3.109375 ms (FindLiveObjects: 0.301325 ms CreateObjectMapping: 0.164109 ms MarkObjects: 2.559207 ms  DeleteObjects: 0.083208 ms)

========================================================================
Received Import Request.
  Time since last request: 182.513114 seconds.
  path: Assets/Scenes/Menu.unity
  artifactKey: Guid(94065ce8ef3e04282bdb30e2a8d38aaf) Importer(815301076,1909f56bfc062723c751e8b465ee728b)
Start importing Assets/Scenes/Menu.unity using Guid(94065ce8ef3e04282bdb30e2a8d38aaf) Importer(815301076,1909f56bfc062723c751e8b465ee728b)  -> (artifact id: 'cd68278864de953e1b9b5c7d06d307fc') in 0.020695 seconds
  Import took 0.025613 seconds .

========================================================================
Received Import Request.
  Time since last request: 0.001590 seconds.
  path: Assets/Scenes/Menu.unity
  artifactKey: Guid(94065ce8ef3e04282bdb30e2a8d38aaf) Importer(815301076,1909f56bfc062723c751e8b465ee728b)
Start importing Assets/Scenes/Menu.unity using Guid(94065ce8ef3e04282bdb30e2a8d38aaf) Importer(815301076,1909f56bfc062723c751e8b465ee728b)  -> (artifact id: 'cd68278864de953e1b9b5c7d06d307fc') in 0.003409 seconds
  Import took 0.010391 seconds .

========================================================================
Received Prepare
Registering precompiled user dll's ...
Registered in 0.007110 seconds.
Begin MonoManager ReloadAssembly
Native extension for WindowsStandalone target not found
Native extension for OSXStandalone target not found
Refreshing native plugins compatible for Editor in 0.54 ms, found 2 plugins.
Preloading 0 native plugins for Editor in 0.00 ms.
Mono: successfully reloaded assembly
- Completed reload, in  1.990 seconds
Platform modules already initialized, skipping
Refreshing native plugins compatible for Editor in 0.56 ms, found 2 plugins.
Preloading 0 native plugins for Editor in 0.00 ms.
Unloading 1638 Unused Serialized files (Serialized files now loaded: 0)
System memory in use before: 156.4 MB.
System memory in use after: 156.5 MB.

Unloading 19 unused Assets to reduce memory usage. Loaded Objects now: 2161.
Total: 3.691462 ms (FindLiveObjects: 0.316614 ms CreateObjectMapping: 0.148672 ms MarkObjects: 3.133287 ms  DeleteObjects: 0.090968 ms)

========================================================================
Received Prepare
Registering precompiled user dll's ...
Registered in 0.003213 seconds.
Begin MonoManager ReloadAssembly
Native extension for WindowsStandalone target not found
Native extension for OSXStandalone target not found
Refreshing native plugins compatible for Editor in 0.58 ms, found 2 plugins.
Preloading 0 native plugins for Editor in 0.00 ms.
Mono: successfully reloaded assembly
- Completed reload, in  1.983 seconds
Platform modules already initialized, skipping
Refreshing native plugins compatible for Editor in 0.54 ms, found 2 plugins.
Preloading 0 native plugins for Editor in 0.00 ms.
Unloading 1638 Unused Serialized files (Serialized files now loaded: 0)
System memory in use before: 156.6 MB.
System memory in use after: 156.7 MB.

Unloading 19 unused Assets to reduce memory usage. Loaded Objects now: 2165.
Total: 2.730124 ms (FindLiveObjects: 0.241431 ms CreateObjectMapping: 0.078175 ms MarkObjects: 2.312442 ms  DeleteObjects: 0.096649 ms)

========================================================================
Received Prepare
Registering precompiled user dll's ...
Registered in 0.003517 seconds.
Begin MonoManager ReloadAssembly
Native extension for WindowsStandalone target not found
Native extension for OSXStandalone target not found
Refreshing native plugins compatible for Editor in 0.83 ms, found 2 plugins.
Preloading 0 native plugins for Editor in 0.00 ms.
Mono: successfully reloaded assembly
- Completed reload, in  1.952 seconds
Platform modules already initialized, skipping
Refreshing native plugins compatible for Editor in 0.57 ms, found 2 plugins.
Preloading 0 native plugins for Editor in 0.00 ms.
Unloading 1638 Unused Serialized files (Serialized files now loaded: 0)
System memory in use before: 156.8 MB.
System memory in use after: 156.9 MB.

Unloading 19 unused Assets to reduce memory usage. Loaded Objects now: 2169.
Total: 2.607560 ms (FindLiveObjects: 0.254469 ms CreateObjectMapping: 0.095478 ms MarkObjects: 2.172922 ms  DeleteObjects: 0.082861 ms)

AssetImportWorkerClient::OnTransportError - code=2 error=End of file
