Using pre-set license

 COMMAND LINE ARGUMENTS:
/Users/tiyani/Documents/Unity bestanden/2020.3.10f1/Unity.app/Contents/MacOS/Unity
-adb2
-batchMode
-noUpm
-name
AssetImportWorker4
-projectPath
/Users/tiyani/Documents/Github/Applied/Sintscape
-logFile
Logs/AssetImportWorker4.log
-srvPort
63738
Successfully changed project path to: /Users/tiyani/Documents/Github/Applied/Sintscape
/Users/tiyani/Documents/Github/Applied/Sintscape
Using Asset Import Pipeline V2.
Refreshing native plugins compatible for Editor in 108.41 ms, found 2 plugins.
Preloading 0 native plugins for Editor in 0.00 ms.
Initialize engine version: 2020.3.10f1 (297d780c91bc)
[Subsystems] Discovering subsystems at path /Users/tiyani/Documents/Unity bestanden/2020.3.10f1/Unity.app/Contents/Resources/UnitySubsystems
[Subsystems] Discovering subsystems at path /Users/tiyani/Documents/Github/Applied/Sintscape/Assets
GfxDevice: creating device client; threaded=0
2021-06-08 09:37:43.865 Unity[2683:109344] 43UHD_LCD_TV preferred device: Intel HD Graphics 4000 (low power)
2021-06-08 09:37:43.865 Unity[2683:109344] Metal devices available: 1
2021-06-08 09:37:43.866 Unity[2683:109344] 0: Intel HD Graphics 4000 (low power)
2021-06-08 09:37:43.867 Unity[2683:109344] Using device Intel HD Graphics 4000 (low power)
Initializing Metal device caps: Intel HD Graphics 4000
Initialize mono
Mono path[0] = '/Users/tiyani/Documents/Unity bestanden/2020.3.10f1/Unity.app/Contents/Managed'
Mono path[1] = '/Users/tiyani/Documents/Unity bestanden/2020.3.10f1/Unity.app/Contents/MonoBleedingEdge/lib/mono/unityjit'
Mono config path = '/Users/tiyani/Documents/Unity bestanden/2020.3.10f1/Unity.app/Contents/MonoBleedingEdge/etc'
Using monoOptions --debugger-agent=transport=dt_socket,embedding=1,server=y,suspend=n,address=127.0.0.1:56683
Begin MonoManager ReloadAssembly
Registering precompiled unity dll's ...
Register platform support module: /Users/tiyani/Documents/Unity bestanden/2020.3.10f1/Unity.app/Contents/PlaybackEngines/MacStandaloneSupport/UnityEditor.OSXStandalone.Extensions.dll
Register platform support module: /Users/tiyani/Documents/Unity bestanden/2020.3.10f1/PlaybackEngines/WindowsStandaloneSupport/UnityEditor.WindowsStandalone.Extensions.dll
Registered in 0.001239 seconds.
Native extension for WindowsStandalone target not found
Native extension for OSXStandalone target not found
Refreshing native plugins compatible for Editor in 71.70 ms, found 2 plugins.
Preloading 0 native plugins for Editor in 0.00 ms.
Mono: successfully reloaded assembly
- Completed reload, in  4.308 seconds
Platform modules already initialized, skipping
Registering precompiled user dll's ...
Registered in 0.009428 seconds.
Begin MonoManager ReloadAssembly
Native extension for WindowsStandalone target not found
Native extension for OSXStandalone target not found
Refreshing native plugins compatible for Editor in 0.67 ms, found 2 plugins.
Preloading 0 native plugins for Editor in 0.00 ms.
Mono: successfully reloaded assembly
- Completed reload, in  3.082 seconds
Platform modules already initialized, skipping
========================================================================
Worker process is ready to serve import requests
Launching external process: /Users/tiyani/Documents/Unity bestanden/2020.3.10f1/Unity.app/Contents/Tools/UnityShaderCompiler
Launched and connected shader compiler UnityShaderCompiler after 0.39 seconds
Refreshing native plugins compatible for Editor in 0.75 ms, found 2 plugins.
Preloading 0 native plugins for Editor in 0.00 ms.
Unloading 1658 Unused Serialized files (Serialized files now loaded: 0)
System memory in use before: 151.3 MB.
System memory in use after: 151.4 MB.

Unloading 25 unused Assets to reduce memory usage. Loaded Objects now: 2092.
Total: 4.219147 ms (FindLiveObjects: 0.369361 ms CreateObjectMapping: 0.194889 ms MarkObjects: 3.504467 ms  DeleteObjects: 0.148080 ms)

========================================================================
Received Import Request.
  path: Assets/Photon/PhotonUnityNetworking/Resources/PhotonServerSettings.asset
  artifactKey: Guid(aa33295a3581546c299cc910490e1bd5) Importer(815301076,1909f56bfc062723c751e8b465ee728b)
Start importing Assets/Photon/PhotonUnityNetworking/Resources/PhotonServerSettings.asset using Guid(aa33295a3581546c299cc910490e1bd5) Importer(815301076,1909f56bfc062723c751e8b465ee728b)  -> (artifact id: 'edddeefd2b77d1cae6a2bfda22a7fae4') in 1.262991 seconds
  Import took 1.272884 seconds .

========================================================================
Received Prepare
Registering precompiled user dll's ...
Registered in 0.017204 seconds.
Begin MonoManager ReloadAssembly
Native extension for WindowsStandalone target not found
Native extension for OSXStandalone target not found
Refreshing native plugins compatible for Editor in 1.38 ms, found 2 plugins.
Preloading 0 native plugins for Editor in 0.00 ms.
Mono: successfully reloaded assembly
- Completed reload, in  4.007 seconds
Platform modules already initialized, skipping
Refreshing native plugins compatible for Editor in 0.67 ms, found 2 plugins.
Preloading 0 native plugins for Editor in 0.00 ms.
Unloading 1639 Unused Serialized files (Serialized files now loaded: 0)
System memory in use before: 154.5 MB.
System memory in use after: 154.6 MB.

Unloading 19 unused Assets to reduce memory usage. Loaded Objects now: 2096.
Total: 4.723999 ms (FindLiveObjects: 0.501483 ms CreateObjectMapping: 0.763897 ms MarkObjects: 3.367140 ms  DeleteObjects: 0.086645 ms)

========================================================================
Received Prepare
Registering precompiled user dll's ...
Registered in 0.010392 seconds.
Begin MonoManager ReloadAssembly
Native extension for WindowsStandalone target not found
Native extension for OSXStandalone target not found
Refreshing native plugins compatible for Editor in 0.64 ms, found 2 plugins.
Preloading 0 native plugins for Editor in 0.00 ms.
Mono: successfully reloaded assembly
- Completed reload, in  2.445 seconds
Platform modules already initialized, skipping
Refreshing native plugins compatible for Editor in 0.60 ms, found 2 plugins.
Preloading 0 native plugins for Editor in 0.00 ms.
Unloading 1639 Unused Serialized files (Serialized files now loaded: 0)
System memory in use before: 154.7 MB.
System memory in use after: 154.8 MB.

Unloading 19 unused Assets to reduce memory usage. Loaded Objects now: 2100.
Total: 5.520287 ms (FindLiveObjects: 1.633143 ms CreateObjectMapping: 0.283832 ms MarkObjects: 3.509119 ms  DeleteObjects: 0.090304 ms)

========================================================================
Received Prepare
Registering precompiled user dll's ...
Registered in 0.007388 seconds.
Begin MonoManager ReloadAssembly
Native extension for WindowsStandalone target not found
Native extension for OSXStandalone target not found
Refreshing native plugins compatible for Editor in 0.64 ms, found 2 plugins.
Preloading 0 native plugins for Editor in 0.00 ms.
Mono: successfully reloaded assembly
- Completed reload, in  2.392 seconds
Platform modules already initialized, skipping
Refreshing native plugins compatible for Editor in 0.77 ms, found 2 plugins.
Preloading 0 native plugins for Editor in 0.00 ms.
Unloading 1639 Unused Serialized files (Serialized files now loaded: 0)
System memory in use before: 154.9 MB.
System memory in use after: 155.0 MB.

Unloading 19 unused Assets to reduce memory usage. Loaded Objects now: 2104.
Total: 4.274558 ms (FindLiveObjects: 0.490460 ms CreateObjectMapping: 0.186634 ms MarkObjects: 3.499385 ms  DeleteObjects: 0.095409 ms)

========================================================================
Received Prepare
Registering precompiled user dll's ...
Registered in 0.034176 seconds.
Begin MonoManager ReloadAssembly
Native extension for WindowsStandalone target not found
Native extension for OSXStandalone target not found
Refreshing native plugins compatible for Editor in 0.81 ms, found 2 plugins.
Preloading 0 native plugins for Editor in 0.00 ms.
Mono: successfully reloaded assembly
- Completed reload, in  3.020 seconds
Platform modules already initialized, skipping
Refreshing native plugins compatible for Editor in 0.67 ms, found 2 plugins.
Preloading 0 native plugins for Editor in 0.00 ms.
Unloading 1639 Unused Serialized files (Serialized files now loaded: 0)
System memory in use before: 155.1 MB.
System memory in use after: 155.2 MB.

Unloading 19 unused Assets to reduce memory usage. Loaded Objects now: 2108.
Total: 4.028985 ms (FindLiveObjects: 0.787694 ms CreateObjectMapping: 0.224342 ms MarkObjects: 2.919987 ms  DeleteObjects: 0.094705 ms)

========================================================================
Received Prepare
Registering precompiled user dll's ...
Registered in 0.008665 seconds.
Begin MonoManager ReloadAssembly
Native extension for WindowsStandalone target not found
Native extension for OSXStandalone target not found
Refreshing native plugins compatible for Editor in 0.61 ms, found 2 plugins.
Preloading 0 native plugins for Editor in 0.00 ms.
Mono: successfully reloaded assembly
- Completed reload, in  3.013 seconds
Platform modules already initialized, skipping
Refreshing native plugins compatible for Editor in 0.75 ms, found 2 plugins.
Preloading 0 native plugins for Editor in 0.00 ms.
Unloading 1639 Unused Serialized files (Serialized files now loaded: 0)
System memory in use before: 155.3 MB.
System memory in use after: 155.4 MB.

Unloading 19 unused Assets to reduce memory usage. Loaded Objects now: 2112.
Total: 4.230246 ms (FindLiveObjects: 0.328355 ms CreateObjectMapping: 0.175929 ms MarkObjects: 3.622482 ms  DeleteObjects: 0.101663 ms)

========================================================================
Received Prepare
Registering precompiled user dll's ...
Registered in 0.007431 seconds.
Begin MonoManager ReloadAssembly
Native extension for WindowsStandalone target not found
Native extension for OSXStandalone target not found
Refreshing native plugins compatible for Editor in 0.84 ms, found 2 plugins.
Preloading 0 native plugins for Editor in 0.00 ms.
Mono: successfully reloaded assembly
- Completed reload, in  2.916 seconds
Platform modules already initialized, skipping
Refreshing native plugins compatible for Editor in 0.58 ms, found 2 plugins.
Preloading 0 native plugins for Editor in 0.00 ms.
Unloading 1639 Unused Serialized files (Serialized files now loaded: 0)
System memory in use before: 155.5 MB.
System memory in use after: 155.6 MB.

Unloading 19 unused Assets to reduce memory usage. Loaded Objects now: 2116.
Total: 4.173981 ms (FindLiveObjects: 0.336524 ms CreateObjectMapping: 0.180283 ms MarkObjects: 3.550207 ms  DeleteObjects: 0.104751 ms)

========================================================================
Received Prepare
Registering precompiled user dll's ...
Registered in 0.024998 seconds.
Begin MonoManager ReloadAssembly
Native extension for WindowsStandalone target not found
Native extension for OSXStandalone target not found
Refreshing native plugins compatible for Editor in 0.57 ms, found 2 plugins.
Preloading 0 native plugins for Editor in 0.00 ms.
Mono: successfully reloaded assembly
- Completed reload, in  2.605 seconds
Platform modules already initialized, skipping
Refreshing native plugins compatible for Editor in 0.63 ms, found 2 plugins.
Preloading 0 native plugins for Editor in 0.00 ms.
Unloading 1639 Unused Serialized files (Serialized files now loaded: 0)
System memory in use before: 155.7 MB.
System memory in use after: 155.8 MB.

Unloading 19 unused Assets to reduce memory usage. Loaded Objects now: 2120.
Total: 3.533405 ms (FindLiveObjects: 0.321930 ms CreateObjectMapping: 0.169150 ms MarkObjects: 2.953983 ms  DeleteObjects: 0.086316 ms)

========================================================================
Received Prepare
Registering precompiled user dll's ...
Registered in 0.009223 seconds.
Begin MonoManager ReloadAssembly
Native extension for WindowsStandalone target not found
Native extension for OSXStandalone target not found
Refreshing native plugins compatible for Editor in 0.59 ms, found 2 plugins.
Preloading 0 native plugins for Editor in 0.00 ms.
Mono: successfully reloaded assembly
- Completed reload, in  2.952 seconds
Platform modules already initialized, skipping
Refreshing native plugins compatible for Editor in 0.65 ms, found 2 plugins.
Preloading 0 native plugins for Editor in 0.00 ms.
Unloading 1639 Unused Serialized files (Serialized files now loaded: 0)
System memory in use before: 155.9 MB.
System memory in use after: 155.9 MB.

Unloading 19 unused Assets to reduce memory usage. Loaded Objects now: 2124.
Total: 3.490701 ms (FindLiveObjects: 0.319224 ms CreateObjectMapping: 0.194941 ms MarkObjects: 2.883500 ms  DeleteObjects: 0.091164 ms)

========================================================================
Received Prepare
Registering precompiled user dll's ...
Registered in 0.008428 seconds.
Begin MonoManager ReloadAssembly
Native extension for WindowsStandalone target not found
Native extension for OSXStandalone target not found
Refreshing native plugins compatible for Editor in 1.35 ms, found 2 plugins.
Preloading 0 native plugins for Editor in 0.00 ms.
Mono: successfully reloaded assembly
- Completed reload, in  2.636 seconds
Platform modules already initialized, skipping
Refreshing native plugins compatible for Editor in 0.66 ms, found 2 plugins.
Preloading 0 native plugins for Editor in 0.00 ms.
Unloading 1639 Unused Serialized files (Serialized files now loaded: 0)
System memory in use before: 156.0 MB.
System memory in use after: 156.1 MB.

Unloading 19 unused Assets to reduce memory usage. Loaded Objects now: 2128.
Total: 3.408553 ms (FindLiveObjects: 0.309610 ms CreateObjectMapping: 0.075194 ms MarkObjects: 2.872932 ms  DeleteObjects: 0.147563 ms)

========================================================================
Received Prepare
Registering precompiled user dll's ...
Registered in 0.010319 seconds.
Begin MonoManager ReloadAssembly
Native extension for WindowsStandalone target not found
Native extension for OSXStandalone target not found
Refreshing native plugins compatible for Editor in 0.90 ms, found 2 plugins.
Preloading 0 native plugins for Editor in 0.00 ms.
Mono: successfully reloaded assembly
- Completed reload, in  2.439 seconds
Platform modules already initialized, skipping
Refreshing native plugins compatible for Editor in 0.91 ms, found 2 plugins.
Preloading 0 native plugins for Editor in 0.00 ms.
Unloading 1639 Unused Serialized files (Serialized files now loaded: 0)
System memory in use before: 156.2 MB.
System memory in use after: 156.3 MB.

Unloading 19 unused Assets to reduce memory usage. Loaded Objects now: 2132.
Total: 6.162104 ms (FindLiveObjects: 0.678625 ms CreateObjectMapping: 0.249592 ms MarkObjects: 5.103293 ms  DeleteObjects: 0.126542 ms)

========================================================================
Received Prepare
Registering precompiled user dll's ...
Registered in 0.009164 seconds.
Begin MonoManager ReloadAssembly
Native extension for WindowsStandalone target not found
Native extension for OSXStandalone target not found
Refreshing native plugins compatible for Editor in 0.62 ms, found 2 plugins.
Preloading 0 native plugins for Editor in 0.00 ms.
Mono: successfully reloaded assembly
- Completed reload, in  2.341 seconds
Platform modules already initialized, skipping
Refreshing native plugins compatible for Editor in 1.12 ms, found 2 plugins.
Preloading 0 native plugins for Editor in 0.00 ms.
Unloading 1639 Unused Serialized files (Serialized files now loaded: 0)
System memory in use before: 156.4 MB.
System memory in use after: 156.5 MB.

Unloading 19 unused Assets to reduce memory usage. Loaded Objects now: 2136.
Total: 3.185997 ms (FindLiveObjects: 0.325373 ms CreateObjectMapping: 0.170263 ms MarkObjects: 2.573998 ms  DeleteObjects: 0.114541 ms)

========================================================================
Received Prepare
Registering precompiled user dll's ...
Registered in 0.017470 seconds.
Begin MonoManager ReloadAssembly
Native extension for WindowsStandalone target not found
Native extension for OSXStandalone target not found
Refreshing native plugins compatible for Editor in 0.69 ms, found 2 plugins.
Preloading 0 native plugins for Editor in 0.00 ms.
Mono: successfully reloaded assembly
- Completed reload, in  4.993 seconds
Platform modules already initialized, skipping
Refreshing native plugins compatible for Editor in 0.59 ms, found 2 plugins.
Preloading 0 native plugins for Editor in 0.00 ms.
Unloading 1639 Unused Serialized files (Serialized files now loaded: 0)
System memory in use before: 156.6 MB.
System memory in use after: 156.7 MB.

Unloading 19 unused Assets to reduce memory usage. Loaded Objects now: 2140.
Total: 4.351352 ms (FindLiveObjects: 0.269772 ms CreateObjectMapping: 0.091037 ms MarkObjects: 3.883527 ms  DeleteObjects: 0.104409 ms)

========================================================================
Received Prepare
Registering precompiled user dll's ...
Registered in 0.004536 seconds.
Begin MonoManager ReloadAssembly
Native extension for WindowsStandalone target not found
Native extension for OSXStandalone target not found
Refreshing native plugins compatible for Editor in 0.56 ms, found 2 plugins.
Preloading 0 native plugins for Editor in 0.00 ms.
Mono: successfully reloaded assembly
- Completed reload, in  2.620 seconds
Platform modules already initialized, skipping
Refreshing native plugins compatible for Editor in 0.65 ms, found 2 plugins.
Preloading 0 native plugins for Editor in 0.00 ms.
Unloading 1639 Unused Serialized files (Serialized files now loaded: 0)
System memory in use before: 156.8 MB.
System memory in use after: 156.9 MB.

Unloading 19 unused Assets to reduce memory usage. Loaded Objects now: 2144.
Total: 3.279766 ms (FindLiveObjects: 0.316519 ms CreateObjectMapping: 0.172307 ms MarkObjects: 2.700843 ms  DeleteObjects: 0.088529 ms)

========================================================================
Received Prepare
Registering precompiled user dll's ...
Registered in 0.009633 seconds.
Begin MonoManager ReloadAssembly
Native extension for WindowsStandalone target not found
Native extension for OSXStandalone target not found
Refreshing native plugins compatible for Editor in 0.64 ms, found 2 plugins.
Preloading 0 native plugins for Editor in 0.00 ms.
Mono: successfully reloaded assembly
- Completed reload, in  2.509 seconds
Platform modules already initialized, skipping
Refreshing native plugins compatible for Editor in 0.61 ms, found 2 plugins.
Preloading 0 native plugins for Editor in 0.00 ms.
Unloading 1639 Unused Serialized files (Serialized files now loaded: 0)
System memory in use before: 157.0 MB.
System memory in use after: 157.1 MB.

Unloading 19 unused Assets to reduce memory usage. Loaded Objects now: 2148.
Total: 3.212817 ms (FindLiveObjects: 0.412390 ms CreateObjectMapping: 0.141240 ms MarkObjects: 2.573662 ms  DeleteObjects: 0.082993 ms)

========================================================================
Received Prepare
Registering precompiled user dll's ...
Registered in 0.006242 seconds.
Begin MonoManager ReloadAssembly
Native extension for WindowsStandalone target not found
Native extension for OSXStandalone target not found
Refreshing native plugins compatible for Editor in 1.64 ms, found 2 plugins.
Preloading 0 native plugins for Editor in 0.00 ms.
Mono: successfully reloaded assembly
- Completed reload, in  3.911 seconds
Platform modules already initialized, skipping
Refreshing native plugins compatible for Editor in 0.67 ms, found 2 plugins.
Preloading 0 native plugins for Editor in 0.00 ms.
Unloading 1639 Unused Serialized files (Serialized files now loaded: 0)
System memory in use before: 157.2 MB.
System memory in use after: 157.3 MB.

Unloading 19 unused Assets to reduce memory usage. Loaded Objects now: 2152.
Total: 3.228742 ms (FindLiveObjects: 0.240291 ms CreateObjectMapping: 0.076862 ms MarkObjects: 2.821496 ms  DeleteObjects: 0.087874 ms)

========================================================================
Received Prepare
Registering precompiled user dll's ...
Registered in 0.006417 seconds.
Begin MonoManager ReloadAssembly
Native extension for WindowsStandalone target not found
Native extension for OSXStandalone target not found
Refreshing native plugins compatible for Editor in 0.57 ms, found 2 plugins.
Preloading 0 native plugins for Editor in 0.00 ms.
Mono: successfully reloaded assembly
- Completed reload, in  2.495 seconds
Platform modules already initialized, skipping
Refreshing native plugins compatible for Editor in 0.69 ms, found 2 plugins.
Preloading 0 native plugins for Editor in 0.00 ms.
Unloading 1639 Unused Serialized files (Serialized files now loaded: 0)
System memory in use before: 157.4 MB.
System memory in use after: 157.4 MB.

Unloading 19 unused Assets to reduce memory usage. Loaded Objects now: 2156.
Total: 2.982136 ms (FindLiveObjects: 0.270825 ms CreateObjectMapping: 0.079188 ms MarkObjects: 2.540734 ms  DeleteObjects: 0.089183 ms)

========================================================================
Received Prepare
Registering precompiled user dll's ...
Registered in 0.010896 seconds.
Begin MonoManager ReloadAssembly
Native extension for WindowsStandalone target not found
Native extension for OSXStandalone target not found
Refreshing native plugins compatible for Editor in 0.66 ms, found 2 plugins.
Preloading 0 native plugins for Editor in 0.00 ms.
Mono: successfully reloaded assembly
- Completed reload, in  2.320 seconds
Platform modules already initialized, skipping
Refreshing native plugins compatible for Editor in 0.57 ms, found 2 plugins.
Preloading 0 native plugins for Editor in 0.00 ms.
Unloading 1639 Unused Serialized files (Serialized files now loaded: 0)
System memory in use before: 157.5 MB.
System memory in use after: 157.6 MB.

Unloading 19 unused Assets to reduce memory usage. Loaded Objects now: 2160.
Total: 3.387703 ms (FindLiveObjects: 0.477103 ms CreateObjectMapping: 0.199590 ms MarkObjects: 2.614212 ms  DeleteObjects: 0.093862 ms)

========================================================================
Received Prepare
Registering precompiled user dll's ...
Registered in 0.004422 seconds.
Begin MonoManager ReloadAssembly
Native extension for WindowsStandalone target not found
Native extension for OSXStandalone target not found
Refreshing native plugins compatible for Editor in 0.63 ms, found 2 plugins.
Preloading 0 native plugins for Editor in 0.00 ms.
Mono: successfully reloaded assembly
- Completed reload, in  2.587 seconds
Platform modules already initialized, skipping
Refreshing native plugins compatible for Editor in 0.68 ms, found 2 plugins.
Preloading 0 native plugins for Editor in 0.00 ms.
Unloading 1639 Unused Serialized files (Serialized files now loaded: 0)
System memory in use before: 157.7 MB.
System memory in use after: 157.8 MB.

Unloading 19 unused Assets to reduce memory usage. Loaded Objects now: 2164.
Total: 3.293436 ms (FindLiveObjects: 0.253389 ms CreateObjectMapping: 0.078067 ms MarkObjects: 2.565142 ms  DeleteObjects: 0.394824 ms)

========================================================================
Received Prepare
Registering precompiled user dll's ...
Registered in 0.014793 seconds.
Begin MonoManager ReloadAssembly
Native extension for WindowsStandalone target not found
Native extension for OSXStandalone target not found
Refreshing native plugins compatible for Editor in 0.68 ms, found 2 plugins.
Preloading 0 native plugins for Editor in 0.00 ms.
Mono: successfully reloaded assembly
- Completed reload, in  4.036 seconds
Platform modules already initialized, skipping
Refreshing native plugins compatible for Editor in 18.25 ms, found 2 plugins.
Preloading 0 native plugins for Editor in 0.00 ms.
Unloading 1639 Unused Serialized files (Serialized files now loaded: 0)
System memory in use before: 157.9 MB.
System memory in use after: 158.0 MB.

Unloading 19 unused Assets to reduce memory usage. Loaded Objects now: 2168.
Total: 9.393892 ms (FindLiveObjects: 1.375641 ms CreateObjectMapping: 0.224995 ms MarkObjects: 7.661665 ms  DeleteObjects: 0.129103 ms)

========================================================================
Received Prepare
Registering precompiled user dll's ...
Registered in 0.007037 seconds.
Begin MonoManager ReloadAssembly
Native extension for WindowsStandalone target not found
Native extension for OSXStandalone target not found
Refreshing native plugins compatible for Editor in 0.71 ms, found 2 plugins.
Preloading 0 native plugins for Editor in 0.00 ms.
Mono: successfully reloaded assembly
- Completed reload, in  2.459 seconds
Platform modules already initialized, skipping
Refreshing native plugins compatible for Editor in 0.62 ms, found 2 plugins.
Preloading 0 native plugins for Editor in 0.00 ms.
Unloading 1639 Unused Serialized files (Serialized files now loaded: 0)
System memory in use before: 158.1 MB.
System memory in use after: 158.2 MB.

Unloading 19 unused Assets to reduce memory usage. Loaded Objects now: 2172.
Total: 3.433080 ms (FindLiveObjects: 0.530704 ms CreateObjectMapping: 0.134107 ms MarkObjects: 2.676434 ms  DeleteObjects: 0.090025 ms)

========================================================================
Received Prepare
Registering precompiled user dll's ...
Registered in 0.006107 seconds.
Begin MonoManager ReloadAssembly
Native extension for WindowsStandalone target not found
Native extension for OSXStandalone target not found
Refreshing native plugins compatible for Editor in 0.58 ms, found 2 plugins.
Preloading 0 native plugins for Editor in 0.00 ms.
Mono: successfully reloaded assembly
- Completed reload, in  2.793 seconds
Platform modules already initialized, skipping
Refreshing native plugins compatible for Editor in 1.64 ms, found 2 plugins.
Preloading 0 native plugins for Editor in 0.00 ms.
Unloading 1639 Unused Serialized files (Serialized files now loaded: 0)
System memory in use before: 158.3 MB.
System memory in use after: 158.4 MB.

Unloading 19 unused Assets to reduce memory usage. Loaded Objects now: 2176.
Total: 8.015941 ms (FindLiveObjects: 0.353171 ms CreateObjectMapping: 0.197771 ms MarkObjects: 7.342065 ms  DeleteObjects: 0.120620 ms)

========================================================================
Received Prepare
Registering precompiled user dll's ...
Registered in 0.016267 seconds.
Begin MonoManager ReloadAssembly
Native extension for WindowsStandalone target not found
Native extension for OSXStandalone target not found
Refreshing native plugins compatible for Editor in 0.64 ms, found 2 plugins.
Preloading 0 native plugins for Editor in 0.00 ms.
Mono: successfully reloaded assembly
- Completed reload, in  3.610 seconds
Platform modules already initialized, skipping
Refreshing native plugins compatible for Editor in 0.96 ms, found 2 plugins.
Preloading 0 native plugins for Editor in 0.00 ms.
Unloading 1639 Unused Serialized files (Serialized files now loaded: 0)
System memory in use before: 158.5 MB.
System memory in use after: 158.6 MB.

Unloading 19 unused Assets to reduce memory usage. Loaded Objects now: 2180.
Total: 5.449878 ms (FindLiveObjects: 0.625782 ms CreateObjectMapping: 0.226746 ms MarkObjects: 4.471642 ms  DeleteObjects: 0.123324 ms)

========================================================================
Received Prepare
Registering precompiled user dll's ...
Registered in 0.004666 seconds.
Begin MonoManager ReloadAssembly
Native extension for WindowsStandalone target not found
Native extension for OSXStandalone target not found
Refreshing native plugins compatible for Editor in 0.79 ms, found 2 plugins.
Preloading 0 native plugins for Editor in 0.00 ms.
Mono: successfully reloaded assembly
- Completed reload, in  2.645 seconds
Platform modules already initialized, skipping
Refreshing native plugins compatible for Editor in 0.76 ms, found 2 plugins.
Preloading 0 native plugins for Editor in 0.00 ms.
Unloading 1639 Unused Serialized files (Serialized files now loaded: 0)
System memory in use before: 158.6 MB.
System memory in use after: 158.7 MB.

Unloading 19 unused Assets to reduce memory usage. Loaded Objects now: 2184.
Total: 3.681033 ms (FindLiveObjects: 0.337660 ms CreateObjectMapping: 0.175260 ms MarkObjects: 3.048697 ms  DeleteObjects: 0.117124 ms)

========================================================================
Received Prepare
Registering precompiled user dll's ...
Registered in 0.110789 seconds.
Begin MonoManager ReloadAssembly
Native extension for WindowsStandalone target not found
Native extension for OSXStandalone target not found
Refreshing native plugins compatible for Editor in 0.63 ms, found 2 plugins.
Preloading 0 native plugins for Editor in 0.00 ms.
Mono: successfully reloaded assembly
- Completed reload, in  2.993 seconds
Platform modules already initialized, skipping
Refreshing native plugins compatible for Editor in 0.67 ms, found 2 plugins.
Preloading 0 native plugins for Editor in 0.00 ms.
Unloading 1639 Unused Serialized files (Serialized files now loaded: 0)
System memory in use before: 158.8 MB.
System memory in use after: 158.9 MB.

Unloading 19 unused Assets to reduce memory usage. Loaded Objects now: 2188.
Total: 7.477022 ms (FindLiveObjects: 1.995446 ms CreateObjectMapping: 0.259649 ms MarkObjects: 5.102821 ms  DeleteObjects: 0.113859 ms)

========================================================================
Received Prepare
Registering precompiled user dll's ...
Registered in 0.004344 seconds.
Begin MonoManager ReloadAssembly
Native extension for WindowsStandalone target not found
Native extension for OSXStandalone target not found
Refreshing native plugins compatible for Editor in 1.06 ms, found 2 plugins.
Preloading 0 native plugins for Editor in 0.00 ms.
Mono: successfully reloaded assembly
- Completed reload, in  2.364 seconds
Platform modules already initialized, skipping
Refreshing native plugins compatible for Editor in 0.61 ms, found 2 plugins.
Preloading 0 native plugins for Editor in 0.00 ms.
Unloading 1639 Unused Serialized files (Serialized files now loaded: 0)
System memory in use before: 159.0 MB.
System memory in use after: 159.1 MB.

Unloading 19 unused Assets to reduce memory usage. Loaded Objects now: 2192.
Total: 3.900223 ms (FindLiveObjects: 0.331181 ms CreateObjectMapping: 0.168639 ms MarkObjects: 3.280585 ms  DeleteObjects: 0.117787 ms)

========================================================================
Received Prepare
Refreshing native plugins compatible for Editor in 5.88 ms, found 2 plugins.
Preloading 0 native plugins for Editor in 0.00 ms.
Unloading 17 Unused Serialized files (Serialized files now loaded: 0)
System memory in use before: 127.1 MB.
System memory in use after: 127.1 MB.

Unloading 17 unused Assets to reduce memory usage. Loaded Objects now: 2192.
Total: 3.948663 ms (FindLiveObjects: 0.364381 ms CreateObjectMapping: 0.182082 ms MarkObjects: 3.306410 ms  DeleteObjects: 0.094079 ms)

========================================================================
Received Prepare
Registering precompiled user dll's ...
Registered in 0.036332 seconds.
Begin MonoManager ReloadAssembly
Native extension for WindowsStandalone target not found
Native extension for OSXStandalone target not found
Refreshing native plugins compatible for Editor in 0.57 ms, found 2 plugins.
Preloading 0 native plugins for Editor in 0.00 ms.
Mono: successfully reloaded assembly
- Completed reload, in  3.627 seconds
Platform modules already initialized, skipping
Refreshing native plugins compatible for Editor in 0.80 ms, found 2 plugins.
Preloading 0 native plugins for Editor in 0.00 ms.
Unloading 1639 Unused Serialized files (Serialized files now loaded: 0)
System memory in use before: 159.6 MB.
System memory in use after: 159.6 MB.

Unloading 19 unused Assets to reduce memory usage. Loaded Objects now: 2196.
Total: 9.525221 ms (FindLiveObjects: 2.312168 ms CreateObjectMapping: 0.389791 ms MarkObjects: 6.675363 ms  DeleteObjects: 0.142846 ms)

========================================================================
Received Prepare
Registering precompiled user dll's ...
Registered in 0.010898 seconds.
Begin MonoManager ReloadAssembly
Native extension for WindowsStandalone target not found
Native extension for OSXStandalone target not found
Refreshing native plugins compatible for Editor in 1.28 ms, found 2 plugins.
Preloading 0 native plugins for Editor in 0.00 ms.
Mono: successfully reloaded assembly
- Completed reload, in  2.817 seconds
Platform modules already initialized, skipping
Refreshing native plugins compatible for Editor in 0.63 ms, found 2 plugins.
Preloading 0 native plugins for Editor in 0.00 ms.
Unloading 1639 Unused Serialized files (Serialized files now loaded: 0)
System memory in use before: 159.7 MB.
System memory in use after: 159.8 MB.

Unloading 19 unused Assets to reduce memory usage. Loaded Objects now: 2200.
Total: 3.035822 ms (FindLiveObjects: 0.315333 ms CreateObjectMapping: 0.130135 ms MarkObjects: 2.485580 ms  DeleteObjects: 0.103143 ms)

========================================================================
Received Prepare
Registering precompiled user dll's ...
Registered in 0.012289 seconds.
Begin MonoManager ReloadAssembly
Native extension for WindowsStandalone target not found
Native extension for OSXStandalone target not found
Refreshing native plugins compatible for Editor in 2.31 ms, found 2 plugins.
Preloading 0 native plugins for Editor in 0.00 ms.
Mono: successfully reloaded assembly
- Completed reload, in  2.930 seconds
Platform modules already initialized, skipping
Refreshing native plugins compatible for Editor in 1.03 ms, found 2 plugins.
Preloading 0 native plugins for Editor in 0.00 ms.
Unloading 1639 Unused Serialized files (Serialized files now loaded: 0)
System memory in use before: 159.9 MB.
System memory in use after: 160.0 MB.

Unloading 19 unused Assets to reduce memory usage. Loaded Objects now: 2204.
Total: 3.474839 ms (FindLiveObjects: 0.385336 ms CreateObjectMapping: 0.135589 ms MarkObjects: 2.858985 ms  DeleteObjects: 0.092211 ms)

========================================================================
Received Import Request.
  Time since last request: 6309.012690 seconds.
  path: Assets/Scenes/Menu.unity
  artifactKey: Guid(94065ce8ef3e04282bdb30e2a8d38aaf) Importer(815301076,1909f56bfc062723c751e8b465ee728b)
Start importing Assets/Scenes/Menu.unity using Guid(94065ce8ef3e04282bdb30e2a8d38aaf) Importer(815301076,1909f56bfc062723c751e8b465ee728b)  -> (artifact id: '77371289a7224af9c90dbafe9051d21d') in 0.038747 seconds
  Import took 0.071221 seconds .

========================================================================
Received Import Request.
  Time since last request: 0.011257 seconds.
  path: Assets/Scenes/Menu.unity
  artifactKey: Guid(94065ce8ef3e04282bdb30e2a8d38aaf) Importer(815301076,1909f56bfc062723c751e8b465ee728b)
Start importing Assets/Scenes/Menu.unity using Guid(94065ce8ef3e04282bdb30e2a8d38aaf) Importer(815301076,1909f56bfc062723c751e8b465ee728b)  -> (artifact id: '77371289a7224af9c90dbafe9051d21d') in 0.004657 seconds
  Import took 0.022569 seconds .

========================================================================
Received Prepare
Refreshing native plugins compatible for Editor in 29.58 ms, found 2 plugins.
Preloading 0 native plugins for Editor in 0.00 ms.
Unloading 17 Unused Serialized files (Serialized files now loaded: 0)
System memory in use before: 128.1 MB.
System memory in use after: 128.2 MB.

Unloading 17 unused Assets to reduce memory usage. Loaded Objects now: 2204.
Total: 12.091936 ms (FindLiveObjects: 0.485619 ms CreateObjectMapping: 0.149042 ms MarkObjects: 11.318823 ms  DeleteObjects: 0.135587 ms)

========================================================================
Received Prepare
Refreshing native plugins compatible for Editor in 12.05 ms, found 2 plugins.
Preloading 0 native plugins for Editor in 0.00 ms.
Unloading 17 Unused Serialized files (Serialized files now loaded: 0)
System memory in use before: 128.1 MB.
System memory in use after: 128.2 MB.

Unloading 17 unused Assets to reduce memory usage. Loaded Objects now: 2204.
Total: 4.510316 ms (FindLiveObjects: 0.245389 ms CreateObjectMapping: 0.078536 ms MarkObjects: 3.996569 ms  DeleteObjects: 0.188233 ms)

========================================================================
Received Prepare
Registering precompiled user dll's ...
Registered in 0.010118 seconds.
Begin MonoManager ReloadAssembly
Native extension for WindowsStandalone target not found
Native extension for OSXStandalone target not found
Refreshing native plugins compatible for Editor in 1.15 ms, found 2 plugins.
Preloading 0 native plugins for Editor in 0.00 ms.
Mono: successfully reloaded assembly
- Completed reload, in  2.572 seconds
Platform modules already initialized, skipping
Refreshing native plugins compatible for Editor in 0.58 ms, found 2 plugins.
Preloading 0 native plugins for Editor in 0.00 ms.
Unloading 1639 Unused Serialized files (Serialized files now loaded: 0)
System memory in use before: 160.1 MB.
System memory in use after: 160.2 MB.

Unloading 19 unused Assets to reduce memory usage. Loaded Objects now: 2208.
Total: 3.475213 ms (FindLiveObjects: 0.317439 ms CreateObjectMapping: 0.171309 ms MarkObjects: 2.894096 ms  DeleteObjects: 0.090677 ms)

========================================================================
Received Prepare
Refreshing native plugins compatible for Editor in 4.31 ms, found 2 plugins.
Preloading 0 native plugins for Editor in 0.00 ms.
Unloading 17 Unused Serialized files (Serialized files now loaded: 0)
System memory in use before: 128.2 MB.
System memory in use after: 128.3 MB.

Unloading 17 unused Assets to reduce memory usage. Loaded Objects now: 2208.
Total: 4.682287 ms (FindLiveObjects: 0.379482 ms CreateObjectMapping: 0.102063 ms MarkObjects: 4.091099 ms  DeleteObjects: 0.107879 ms)

========================================================================
Received Prepare
Registering precompiled user dll's ...
Registered in 0.009351 seconds.
Begin MonoManager ReloadAssembly
Native extension for WindowsStandalone target not found
Native extension for OSXStandalone target not found
Refreshing native plugins compatible for Editor in 0.62 ms, found 2 plugins.
Preloading 0 native plugins for Editor in 0.00 ms.
Mono: successfully reloaded assembly
- Completed reload, in  2.355 seconds
Platform modules already initialized, skipping
Refreshing native plugins compatible for Editor in 0.70 ms, found 2 plugins.
Preloading 0 native plugins for Editor in 0.00 ms.
Unloading 1639 Unused Serialized files (Serialized files now loaded: 0)
System memory in use before: 160.3 MB.
System memory in use after: 160.4 MB.

Unloading 19 unused Assets to reduce memory usage. Loaded Objects now: 2212.
Total: 6.194048 ms (FindLiveObjects: 0.389586 ms CreateObjectMapping: 0.183210 ms MarkObjects: 5.502151 ms  DeleteObjects: 0.116993 ms)

========================================================================
Received Prepare
Registering precompiled user dll's ...
Registered in 0.013377 seconds.
Begin MonoManager ReloadAssembly
Native extension for WindowsStandalone target not found
Native extension for OSXStandalone target not found
Refreshing native plugins compatible for Editor in 0.67 ms, found 2 plugins.
Preloading 0 native plugins for Editor in 0.00 ms.
Mono: successfully reloaded assembly
- Completed reload, in  3.709 seconds
Platform modules already initialized, skipping
Refreshing native plugins compatible for Editor in 0.72 ms, found 2 plugins.
Preloading 0 native plugins for Editor in 0.00 ms.
Unloading 1639 Unused Serialized files (Serialized files now loaded: 0)
System memory in use before: 160.5 MB.
System memory in use after: 160.6 MB.

Unloading 19 unused Assets to reduce memory usage. Loaded Objects now: 2216.
Total: 32.297851 ms (FindLiveObjects: 0.404937 ms CreateObjectMapping: 0.185453 ms MarkObjects: 31.189442 ms  DeleteObjects: 0.515882 ms)

========================================================================
Received Prepare
Registering precompiled user dll's ...
Registered in 0.011957 seconds.
Begin MonoManager ReloadAssembly
Native extension for WindowsStandalone target not found
Native extension for OSXStandalone target not found
Refreshing native plugins compatible for Editor in 0.65 ms, found 2 plugins.
Preloading 0 native plugins for Editor in 0.00 ms.
Mono: successfully reloaded assembly
- Completed reload, in  2.505 seconds
Platform modules already initialized, skipping
Refreshing native plugins compatible for Editor in 0.72 ms, found 2 plugins.
Preloading 0 native plugins for Editor in 0.00 ms.
Unloading 1639 Unused Serialized files (Serialized files now loaded: 0)
System memory in use before: 160.7 MB.
System memory in use after: 160.8 MB.

Unloading 19 unused Assets to reduce memory usage. Loaded Objects now: 2220.
Total: 3.595565 ms (FindLiveObjects: 0.450579 ms CreateObjectMapping: 0.187708 ms MarkObjects: 2.843531 ms  DeleteObjects: 0.111840 ms)

========================================================================
Received Prepare
Registering precompiled user dll's ...
Registered in 0.017594 seconds.
Begin MonoManager ReloadAssembly
Native extension for WindowsStandalone target not found
Native extension for OSXStandalone target not found
Refreshing native plugins compatible for Editor in 1.01 ms, found 2 plugins.
Preloading 0 native plugins for Editor in 0.00 ms.
Mono: successfully reloaded assembly
- Completed reload, in  2.728 seconds
Platform modules already initialized, skipping
Refreshing native plugins compatible for Editor in 0.79 ms, found 2 plugins.
Preloading 0 native plugins for Editor in 0.00 ms.
Unloading 1639 Unused Serialized files (Serialized files now loaded: 0)
System memory in use before: 160.9 MB.
System memory in use after: 161.0 MB.

Unloading 19 unused Assets to reduce memory usage. Loaded Objects now: 2224.
Total: 3.246920 ms (FindLiveObjects: 0.249994 ms CreateObjectMapping: 0.075771 ms MarkObjects: 2.830513 ms  DeleteObjects: 0.089092 ms)

========================================================================
Received Prepare
Registering precompiled user dll's ...
Registered in 0.016368 seconds.
Begin MonoManager ReloadAssembly
Native extension for WindowsStandalone target not found
Native extension for OSXStandalone target not found
Refreshing native plugins compatible for Editor in 0.67 ms, found 2 plugins.
Preloading 0 native plugins for Editor in 0.00 ms.
Mono: successfully reloaded assembly
- Completed reload, in  3.520 seconds
Platform modules already initialized, skipping
Refreshing native plugins compatible for Editor in 0.58 ms, found 2 plugins.
Preloading 0 native plugins for Editor in 0.00 ms.
Unloading 1639 Unused Serialized files (Serialized files now loaded: 0)
System memory in use before: 161.1 MB.
System memory in use after: 161.2 MB.

Unloading 19 unused Assets to reduce memory usage. Loaded Objects now: 2228.
Total: 2.733847 ms (FindLiveObjects: 0.247803 ms CreateObjectMapping: 0.075569 ms MarkObjects: 2.319026 ms  DeleteObjects: 0.089717 ms)

========================================================================
Received Prepare
Registering precompiled user dll's ...
Registered in 0.004564 seconds.
Begin MonoManager ReloadAssembly
Native extension for WindowsStandalone target not found
Native extension for OSXStandalone target not found
Refreshing native plugins compatible for Editor in 0.97 ms, found 2 plugins.
Preloading 0 native plugins for Editor in 0.00 ms.
Mono: successfully reloaded assembly
- Completed reload, in  2.545 seconds
Platform modules already initialized, skipping
Refreshing native plugins compatible for Editor in 0.57 ms, found 2 plugins.
Preloading 0 native plugins for Editor in 0.00 ms.
Unloading 1639 Unused Serialized files (Serialized files now loaded: 0)
System memory in use before: 161.3 MB.
System memory in use after: 161.4 MB.

Unloading 19 unused Assets to reduce memory usage. Loaded Objects now: 2232.
Total: 3.785407 ms (FindLiveObjects: 0.333442 ms CreateObjectMapping: 0.104752 ms MarkObjects: 3.210297 ms  DeleteObjects: 0.134512 ms)

========================================================================
Received Prepare
Registering precompiled user dll's ...
Registered in 0.004103 seconds.
Begin MonoManager ReloadAssembly
Native extension for WindowsStandalone target not found
Native extension for OSXStandalone target not found
Refreshing native plugins compatible for Editor in 0.56 ms, found 2 plugins.
Preloading 0 native plugins for Editor in 0.00 ms.
Mono: successfully reloaded assembly
- Completed reload, in  2.280 seconds
Platform modules already initialized, skipping
Refreshing native plugins compatible for Editor in 0.61 ms, found 2 plugins.
Preloading 0 native plugins for Editor in 0.00 ms.
Unloading 1639 Unused Serialized files (Serialized files now loaded: 0)
System memory in use before: 161.5 MB.
System memory in use after: 161.6 MB.

Unloading 19 unused Assets to reduce memory usage. Loaded Objects now: 2236.
Total: 3.688514 ms (FindLiveObjects: 0.608917 ms CreateObjectMapping: 0.211629 ms MarkObjects: 2.777029 ms  DeleteObjects: 0.089342 ms)

========================================================================
Received Prepare
Registering precompiled user dll's ...
Registered in 0.009355 seconds.
Begin MonoManager ReloadAssembly
Native extension for WindowsStandalone target not found
Native extension for OSXStandalone target not found
Refreshing native plugins compatible for Editor in 0.79 ms, found 2 plugins.
Preloading 0 native plugins for Editor in 0.00 ms.
Mono: successfully reloaded assembly
- Completed reload, in  2.342 seconds
Platform modules already initialized, skipping
Refreshing native plugins compatible for Editor in 0.97 ms, found 2 plugins.
Preloading 0 native plugins for Editor in 0.00 ms.
Unloading 1639 Unused Serialized files (Serialized files now loaded: 0)
System memory in use before: 161.7 MB.
System memory in use after: 161.8 MB.

Unloading 19 unused Assets to reduce memory usage. Loaded Objects now: 2240.
Total: 3.361049 ms (FindLiveObjects: 0.264817 ms CreateObjectMapping: 0.080084 ms MarkObjects: 2.887779 ms  DeleteObjects: 0.104430 ms)

========================================================================
Received Prepare
Registering precompiled user dll's ...
Registered in 0.117756 seconds.
Begin MonoManager ReloadAssembly
Native extension for WindowsStandalone target not found
Native extension for OSXStandalone target not found
Refreshing native plugins compatible for Editor in 0.89 ms, found 2 plugins.
Preloading 0 native plugins for Editor in 0.00 ms.
Mono: successfully reloaded assembly
- Completed reload, in  4.364 seconds
Platform modules already initialized, skipping
Refreshing native plugins compatible for Editor in 0.81 ms, found 2 plugins.
Preloading 0 native plugins for Editor in 0.00 ms.
Unloading 1639 Unused Serialized files (Serialized files now loaded: 0)
System memory in use before: 161.9 MB.
System memory in use after: 162.0 MB.

Unloading 19 unused Assets to reduce memory usage. Loaded Objects now: 2244.
Total: 3.754676 ms (FindLiveObjects: 0.511630 ms CreateObjectMapping: 0.185341 ms MarkObjects: 2.951415 ms  DeleteObjects: 0.104140 ms)

========================================================================
Received Import Request.
  Time since last request: 6178.084421 seconds.
  path: Assets/Scripts/NetworkController.cs
  artifactKey: Guid(3c62503ffa49b471f90358a268e25ed2) Importer(815301076,1909f56bfc062723c751e8b465ee728b)
Start importing Assets/Scripts/NetworkController.cs using Guid(3c62503ffa49b471f90358a268e25ed2) Importer(815301076,1909f56bfc062723c751e8b465ee728b)  -> (artifact id: '7612a8fcd914ee71931876fa4dd3f8a8') in 5.431323 seconds
  Import took 5.450635 seconds .

========================================================================
Received Import Request.
  Time since last request: 52.036898 seconds.
  path: Assets/Scripts/LauncherScript.cs
  artifactKey: Guid(086740e0062524d92837762dc7263fb6) Importer(815301076,1909f56bfc062723c751e8b465ee728b)
Start importing Assets/Scripts/LauncherScript.cs using Guid(086740e0062524d92837762dc7263fb6) Importer(815301076,1909f56bfc062723c751e8b465ee728b)  -> (artifact id: '3f20b2d81fbd2d1b81290aa9f945599a') in 0.013408 seconds
  Import took 0.022865 seconds .

========================================================================
Received Import Request.
  Time since last request: 0.017120 seconds.
  path: Assets/Scripts/LauncherScript.cs
  artifactKey: Guid(086740e0062524d92837762dc7263fb6) Importer(815301076,1909f56bfc062723c751e8b465ee728b)
Start importing Assets/Scripts/LauncherScript.cs using Guid(086740e0062524d92837762dc7263fb6) Importer(815301076,1909f56bfc062723c751e8b465ee728b)  -> (artifact id: '3f20b2d81fbd2d1b81290aa9f945599a') in 0.009217 seconds
  Import took 0.016106 seconds .

========================================================================
Received Prepare
Registering precompiled user dll's ...
Registered in 0.066403 seconds.
Begin MonoManager ReloadAssembly
Native extension for WindowsStandalone target not found
Native extension for OSXStandalone target not found
Refreshing native plugins compatible for Editor in 0.81 ms, found 2 plugins.
Preloading 0 native plugins for Editor in 0.00 ms.
Mono: successfully reloaded assembly
- Completed reload, in  2.422 seconds
Platform modules already initialized, skipping
Refreshing native plugins compatible for Editor in 1.05 ms, found 2 plugins.
Preloading 0 native plugins for Editor in 0.00 ms.
Unloading 1640 Unused Serialized files (Serialized files now loaded: 0)
System memory in use before: 166.3 MB.
System memory in use after: 166.4 MB.

Unloading 19 unused Assets to reduce memory usage. Loaded Objects now: 2249.
Total: 3.178172 ms (FindLiveObjects: 0.356373 ms CreateObjectMapping: 0.083293 ms MarkObjects: 2.643355 ms  DeleteObjects: 0.092947 ms)

========================================================================
Received Import Request.
  Time since last request: 346.407583 seconds.
  path: Assets/Scripts/LauncherScript.cs
  artifactKey: Guid(086740e0062524d92837762dc7263fb6) Importer(815301076,1909f56bfc062723c751e8b465ee728b)
Start importing Assets/Scripts/LauncherScript.cs using Guid(086740e0062524d92837762dc7263fb6) Importer(815301076,1909f56bfc062723c751e8b465ee728b)  -> (artifact id: '64fb3e5248089ba0feb6591b1e33bfb8') in 0.028601 seconds
  Import took 0.042298 seconds .

========================================================================
Received Import Request.
  Time since last request: 0.020607 seconds.
  path: Assets/Scripts/LauncherScript.cs
  artifactKey: Guid(086740e0062524d92837762dc7263fb6) Importer(815301076,1909f56bfc062723c751e8b465ee728b)
Start importing Assets/Scripts/LauncherScript.cs using Guid(086740e0062524d92837762dc7263fb6) Importer(815301076,1909f56bfc062723c751e8b465ee728b)  -> (artifact id: '64fb3e5248089ba0feb6591b1e33bfb8') in 0.008840 seconds
  Import took 0.015876 seconds .

========================================================================
Received Import Request.
  Time since last request: 296.043956 seconds.
  path: Assets/Scripts/Menu.cs
  artifactKey: Guid(f942f3f7cb40a422dbd65b9e6b810e79) Importer(815301076,1909f56bfc062723c751e8b465ee728b)
Start importing Assets/Scripts/Menu.cs using Guid(f942f3f7cb40a422dbd65b9e6b810e79) Importer(815301076,1909f56bfc062723c751e8b465ee728b)  -> (artifact id: 'ecb0f59b69252b3124b7c34a55853650') in 0.062374 seconds
  Import took 0.090610 seconds .

========================================================================
Received Import Request.
  Time since last request: 0.004058 seconds.
  path: Assets/Scripts/Menu.cs
  artifactKey: Guid(f942f3f7cb40a422dbd65b9e6b810e79) Importer(815301076,1909f56bfc062723c751e8b465ee728b)
Start importing Assets/Scripts/Menu.cs using Guid(f942f3f7cb40a422dbd65b9e6b810e79) Importer(815301076,1909f56bfc062723c751e8b465ee728b)  -> (artifact id: 'ecb0f59b69252b3124b7c34a55853650') in 0.011305 seconds
  Import took 0.018723 seconds .

========================================================================
Received Import Request.
  Time since last request: 10.557644 seconds.
  path: Assets/Scripts/Menu.cs
  artifactKey: Guid(f942f3f7cb40a422dbd65b9e6b810e79) Importer(815301076,1909f56bfc062723c751e8b465ee728b)
Start importing Assets/Scripts/Menu.cs using Guid(f942f3f7cb40a422dbd65b9e6b810e79) Importer(815301076,1909f56bfc062723c751e8b465ee728b)  -> (artifact id: '300ba410a22004260db9c67feaca9c8b') in 0.014229 seconds
  Import took 0.023301 seconds .

========================================================================
Received Import Request.
  Time since last request: 0.002512 seconds.
  path: Assets/Scripts/Menu.cs
  artifactKey: Guid(f942f3f7cb40a422dbd65b9e6b810e79) Importer(815301076,1909f56bfc062723c751e8b465ee728b)
Start importing Assets/Scripts/Menu.cs using Guid(f942f3f7cb40a422dbd65b9e6b810e79) Importer(815301076,1909f56bfc062723c751e8b465ee728b)  -> (artifact id: '300ba410a22004260db9c67feaca9c8b') in 0.013559 seconds
  Import took 0.024854 seconds .

========================================================================
Received Import Request.
  Time since last request: 35.322603 seconds.
  path: Assets/Scripts/MenuManager.cs
  artifactKey: Guid(3af926f75c65143068a0d59e628ad4f0) Importer(815301076,1909f56bfc062723c751e8b465ee728b)
Start importing Assets/Scripts/MenuManager.cs using Guid(3af926f75c65143068a0d59e628ad4f0) Importer(815301076,1909f56bfc062723c751e8b465ee728b)  -> (artifact id: '054ff9d39ab932e9d0601ad914b87fb2') in 0.010221 seconds
  Import took 0.020716 seconds .

========================================================================
Received Import Request.
  Time since last request: 0.011761 seconds.
  path: Assets/Scripts/MenuManager.cs
  artifactKey: Guid(3af926f75c65143068a0d59e628ad4f0) Importer(815301076,1909f56bfc062723c751e8b465ee728b)
Start importing Assets/Scripts/MenuManager.cs using Guid(3af926f75c65143068a0d59e628ad4f0) Importer(815301076,1909f56bfc062723c751e8b465ee728b)  -> (artifact id: '054ff9d39ab932e9d0601ad914b87fb2') in 0.010246 seconds
  Import took 0.019415 seconds .

========================================================================
Received Prepare
Registering precompiled user dll's ...
Registered in 0.008771 seconds.
Begin MonoManager ReloadAssembly
Native extension for WindowsStandalone target not found
Native extension for OSXStandalone target not found
Refreshing native plugins compatible for Editor in 0.55 ms, found 2 plugins.
Preloading 0 native plugins for Editor in 0.00 ms.
Mono: successfully reloaded assembly
- Completed reload, in  2.704 seconds
Platform modules already initialized, skipping
Refreshing native plugins compatible for Editor in 0.67 ms, found 2 plugins.
Preloading 0 native plugins for Editor in 0.00 ms.
Unloading 1642 Unused Serialized files (Serialized files now loaded: 0)
System memory in use before: 166.6 MB.
System memory in use after: 166.7 MB.

Unloading 19 unused Assets to reduce memory usage. Loaded Objects now: 2255.
Total: 3.298309 ms (FindLiveObjects: 0.335913 ms CreateObjectMapping: 0.076387 ms MarkObjects: 2.783924 ms  DeleteObjects: 0.100029 ms)

========================================================================
Received Prepare
Registering precompiled user dll's ...
Registered in 0.008647 seconds.
Begin MonoManager ReloadAssembly
Native extension for WindowsStandalone target not found
Native extension for OSXStandalone target not found
Refreshing native plugins compatible for Editor in 1.25 ms, found 2 plugins.
Preloading 0 native plugins for Editor in 0.00 ms.
Mono: successfully reloaded assembly
- Completed reload, in  3.160 seconds
Platform modules already initialized, skipping
Refreshing native plugins compatible for Editor in 0.62 ms, found 2 plugins.
Preloading 0 native plugins for Editor in 0.00 ms.
Unloading 1642 Unused Serialized files (Serialized files now loaded: 0)
System memory in use before: 166.8 MB.
System memory in use after: 166.8 MB.

Unloading 19 unused Assets to reduce memory usage. Loaded Objects now: 2259.
Total: 4.077937 ms (FindLiveObjects: 0.419024 ms CreateObjectMapping: 0.346952 ms MarkObjects: 3.158299 ms  DeleteObjects: 0.148146 ms)

AssetImportWorkerClient::OnTransportError - code=2 error=End of file
